[    2667ms] [LOG] [use-translation] Final translation source: cookie_title value: We value your privacy from dict: false @ https://www.nevumo.com/_next/static/chunks/69e85712e58e420a.js:0
[    2667ms] [LOG] [use-translation] Final translation source: cookie_description value: We use cookies and similar technologies to improve your experience. from dict: false @ https://www.nevumo.com/_next/static/chunks/69e85712e58e420a.js:0
[    2667ms] [LOG] [use-translation] Final translation source: cookie_privacy_link value: Privacy Policy from dict: false @ https://www.nevumo.com/_next/static/chunks/69e85712e58e420a.js:0
[    2667ms] [LOG] [use-translation] Final translation source: customize value: Customize from dict: false @ https://www.nevumo.com/_next/static/chunks/69e85712e58e420a.js:0
[    2667ms] [LOG] [use-translation] Final translation source: reject_all value: Reject All from dict: false @ https://www.nevumo.com/_next/static/chunks/69e85712e58e420a.js:0
[    2667ms] [LOG] [use-translation] Final translation source: accept_all value: Accept All from dict: false @ https://www.nevumo.com/_next/static/chunks/69e85712e58e420a.js:0
[    2776ms] [LOG] [use-translation] Final translation source: phone_error value:  from dict: false @ https://www.nevumo.com/_next/static/chunks/69e85712e58e420a.js:0
[    2777ms] [LOG] [use-translation] Final translation source: phone_error value:  from dict: false @ https://www.nevumo.com/_next/static/chunks/69e85712e58e420a.js:0
[    2778ms] [LOG] [use-translation] Final translation source: install_app value: Install the app from dict: false @ https://www.nevumo.com/_next/static/chunks/69e85712e58e420a.js:0
[    2778ms] [LOG] [use-translation] Final translation source: share_page value: Share from dict: false @ https://www.nevumo.com/_next/static/chunks/69e85712e58e420a.js:0
[    2778ms] [LOG] [use-translation] Final translation source: privacy_policy_link value: Privacy Policy from dict: false @ https://www.nevumo.com/_next/static/chunks/69e85712e58e420a.js:0
[    2778ms] [LOG] [use-translation] Final translation source: cookies_link value: Cookie Policy from dict: false @ https://www.nevumo.com/_next/static/chunks/69e85712e58e420a.js:0
[    2778ms] [LOG] [use-translation] Final translation source: terms_link value: Terms & Conditions from dict: false @ https://www.nevumo.com/_next/static/chunks/69e85712e58e420a.js:0
[    2778ms] [LOG] [use-translation] Final translation source: provider_terms_link value: Terms for Providers from dict: false @ https://www.nevumo.com/_next/static/chunks/69e85712e58e420a.js:0
[    2778ms] [LOG] [use-translation] Final translation source: withdrawal_link value: Withdrawal Form from dict: false @ https://www.nevumo.com/_next/static/chunks/69e85712e58e420a.js:0
[    2778ms] [LOG] [use-translation] Final translation source: contact_dsa_link value: DSA Contact Point from dict: false @ https://www.nevumo.com/_next/static/chunks/69e85712e58e420a.js:0
[    2779ms] [LOG] [use-translation] Final translation source: cookie_settings_link value: Cookie Settings from dict: false @ https://www.nevumo.com/_next/static/chunks/69e85712e58e420a.js:0
[    2793ms] [LOG] [use-translation] Final translation source: phone_error value:  from dict: false @ https://www.nevumo.com/_next/static/chunks/69e85712e58e420a.js:0
[    2795ms] [LOG] [use-translation] Final translation source: phone_error value:  from dict: false @ https://www.nevumo.com/_next/static/chunks/69e85712e58e420a.js:0
[    2799ms] [LOG] [use-translation] Final translation source: phone_error value:  from dict: false @ https://www.nevumo.com/_next/static/chunks/69e85712e58e420a.js:0
[    2799ms] [LOG] [use-translation] Final translation source: phone_error value:  from dict: false @ https://www.nevumo.com/_next/static/chunks/69e85712e58e420a.js:0
[    2800ms] [LOG] [use-translation] Final translation source: phone_error value:  from dict: false @ https://www.nevumo.com/_next/static/chunks/69e85712e58e420a.js:0
[    2800ms] [LOG] [use-translation] Final translation source: phone_error value:  from dict: false @ https://www.nevumo.com/_next/static/chunks/69e85712e58e420a.js:0
[    2883ms] [INFO] Banner not shown: beforeinstallpromptevent.preventDefault() called. The page must call beforeinstallpromptevent.prompt() to show the banner. @ https://www.nevumo.com/en/auth/forgot-password:0
[    2912ms] [LOG] [use-translation] Final translation source: cookie_title value: We use cookies from dict: true @ https://www.nevumo.com/_next/static/chunks/69e85712e58e420a.js:0
[    2912ms] [LOG] [use-translation] Final translation source: cookie_description value: We use cookies and similar technologies to improve your experience, analyse traffic and show relevant content. You can choose which categories to allow. from dict: true @ https://www.nevumo.com/_next/static/chunks/69e85712e58e420a.js:0
[    2912ms] [LOG] [use-translation] Final translation source: cookie_privacy_link value: Privacy Policy from dict: true @ https://www.nevumo.com/_next/static/chunks/69e85712e58e420a.js:0
[    2912ms] [LOG] [use-translation] Final translation source: customize value: Customize from dict: true @ https://www.nevumo.com/_next/static/chunks/69e85712e58e420a.js:0
[    2912ms] [LOG] [use-translation] Final translation source: reject_all value: Reject All from dict: true @ https://www.nevumo.com/_next/static/chunks/69e85712e58e420a.js:0
[    2912ms] [LOG] [use-translation] Final translation source: accept_all value: Accept All from dict: true @ https://www.nevumo.com/_next/static/chunks/69e85712e58e420a.js:0
[    2976ms] [LOG] [use-translation] Final translation source: phone_error value: Enter a valid phone number from dict: true @ https://www.nevumo.com/_next/static/chunks/69e85712e58e420a.js:0
[    3012ms] [LOG] [use-translation] Final translation source: install_app value: Install the app from dict: false @ https://www.nevumo.com/_next/static/chunks/69e85712e58e420a.js:0
[    3012ms] [LOG] [use-translation] Final translation source: share_page value: Share from dict: false @ https://www.nevumo.com/_next/static/chunks/69e85712e58e420a.js:0
[    3012ms] [LOG] [use-translation] Final translation source: privacy_policy_link value: Privacy Policy from dict: false @ https://www.nevumo.com/_next/static/chunks/69e85712e58e420a.js:0
[    3012ms] [LOG] [use-translation] Final translation source: cookies_link value: Cookie Policy from dict: false @ https://www.nevumo.com/_next/static/chunks/69e85712e58e420a.js:0
[    3012ms] [LOG] [use-translation] Final translation source: terms_link value: Terms & Conditions from dict: false @ https://www.nevumo.com/_next/static/chunks/69e85712e58e420a.js:0
[    3012ms] [LOG] [use-translation] Final translation source: provider_terms_link value: Terms for Providers from dict: false @ https://www.nevumo.com/_next/static/chunks/69e85712e58e420a.js:0
[    3012ms] [LOG] [use-translation] Final translation source: withdrawal_link value: Withdrawal Form from dict: false @ https://www.nevumo.com/_next/static/chunks/69e85712e58e420a.js:0
[    3012ms] [LOG] [use-translation] Final translation source: contact_dsa_link value: DSA Contact Point from dict: false @ https://www.nevumo.com/_next/static/chunks/69e85712e58e420a.js:0
[    3013ms] [LOG] [use-translation] Final translation source: cookie_settings_link value: Cookie Settings from dict: false @ https://www.nevumo.com/_next/static/chunks/69e85712e58e420a.js:0
[    3014ms] [LOG] [use-translation] Final translation source: install_app value: Install the app from dict: false @ https://www.nevumo.com/_next/static/chunks/69e85712e58e420a.js:0
[    3014ms] [LOG] [use-translation] Final translation source: share_page value: Share from dict: false @ https://www.nevumo.com/_next/static/chunks/69e85712e58e420a.js:0
[    3015ms] [LOG] [use-translation] Final translation source: privacy_policy_link value: Privacy Policy from dict: false @ https://www.nevumo.com/_next/static/chunks/69e85712e58e420a.js:0
[    3015ms] [LOG] [use-translation] Final translation source: cookies_link value: Cookie Policy from dict: false @ https://www.nevumo.com/_next/static/chunks/69e85712e58e420a.js:0
[    3015ms] [LOG] [use-translation] Final translation source: terms_link value: Terms & Conditions from dict: false @ https://www.nevumo.com/_next/static/chunks/69e85712e58e420a.js:0
[    3015ms] [LOG] [use-translation] Final translation source: provider_terms_link value: Terms for Providers from dict: false @ https://www.nevumo.com/_next/static/chunks/69e85712e58e420a.js:0
[    3015ms] [LOG] [use-translation] Final translation source: withdrawal_link value: Withdrawal Form from dict: false @ https://www.nevumo.com/_next/static/chunks/69e85712e58e420a.js:0
[    3015ms] [LOG] [use-translation] Final translation source: contact_dsa_link value: DSA Contact Point from dict: false @ https://www.nevumo.com/_next/static/chunks/69e85712e58e420a.js:0
[    3015ms] [LOG] [use-translation] Final translation source: cookie_settings_link value: Cookie Settings from dict: false @ https://www.nevumo.com/_next/static/chunks/69e85712e58e420a.js:0
[    3017ms] [LOG] [use-translation] Final translation source: install_app value: Install the app from dict: false @ https://www.nevumo.com/_next/static/chunks/69e85712e58e420a.js:0
[    3017ms] [LOG] [use-translation] Final translation source: share_page value: Share from dict: false @ https://www.nevumo.com/_next/static/chunks/69e85712e58e420a.js:0
[    3017ms] [LOG] [use-translation] Final translation source: privacy_policy_link value: Privacy Policy from dict: false @ https://www.nevumo.com/_next/static/chunks/69e85712e58e420a.js:0
[    3017ms] [LOG] [use-translation] Final translation source: cookies_link value: Cookie Policy from dict: false @ https://www.nevumo.com/_next/static/chunks/69e85712e58e420a.js:0
[    3017ms] [LOG] [use-translation] Final translation source: terms_link value: Terms & Conditions from dict: false @ https://www.nevumo.com/_next/static/chunks/69e85712e58e420a.js:0
[    3017ms] [LOG] [use-translation] Final translation source: provider_terms_link value: Terms for Providers from dict: false @ https://www.nevumo.com/_next/static/chunks/69e85712e58e420a.js:0
[    3017ms] [LOG] [use-translation] Final translation source: withdrawal_link value: Withdrawal Form from dict: false @ https://www.nevumo.com/_next/static/chunks/69e85712e58e420a.js:0
[    3018ms] [LOG] [use-translation] Final translation source: contact_dsa_link value: DSA Contact Point from dict: false @ https://www.nevumo.com/_next/static/chunks/69e85712e58e420a.js:0
[    3018ms] [LOG] [use-translation] Final translation source: cookie_settings_link value: Cookie Settings from dict: false @ https://www.nevumo.com/_next/static/chunks/69e85712e58e420a.js:0
[    3024ms] [LOG] [use-translation] Final translation source: install_app value: Install the app from dict: false @ https://www.nevumo.com/_next/static/chunks/69e85712e58e420a.js:0
[    3025ms] [LOG] [use-translation] Final translation source: share_page value: Share from dict: false @ https://www.nevumo.com/_next/static/chunks/69e85712e58e420a.js:0
[    3025ms] [LOG] [use-translation] Final translation source: privacy_policy_link value: Privacy Policy from dict: false @ https://www.nevumo.com/_next/static/chunks/69e85712e58e420a.js:0
[    3025ms] [LOG] [use-translation] Final translation source: cookies_link value: Cookie Policy from dict: false @ https://www.nevumo.com/_next/static/chunks/69e85712e58e420a.js:0
[    3025ms] [LOG] [use-translation] Final translation source: terms_link value: Terms & Conditions from dict: false @ https://www.nevumo.com/_next/static/chunks/69e85712e58e420a.js:0
[    3025ms] [LOG] [use-translation] Final translation source: provider_terms_link value: Terms for Providers from dict: false @ https://www.nevumo.com/_next/static/chunks/69e85712e58e420a.js:0
[    3025ms] [LOG] [use-translation] Final translation source: withdrawal_link value: Withdrawal Form from dict: false @ https://www.nevumo.com/_next/static/chunks/69e85712e58e420a.js:0
[    3025ms] [LOG] [use-translation] Final translation source: contact_dsa_link value: DSA Contact Point from dict: false @ https://www.nevumo.com/_next/static/chunks/69e85712e58e420a.js:0
[    3025ms] [LOG] [use-translation] Final translation source: cookie_settings_link value: Cookie Settings from dict: false @ https://www.nevumo.com/_next/static/chunks/69e85712e58e420a.js:0
[    3026ms] [LOG] [use-translation] Final translation source: install_app value: Install the app from dict: false @ https://www.nevumo.com/_next/static/chunks/69e85712e58e420a.js:0
[    3026ms] [LOG] [use-translation] Final translation source: share_page value: Share from dict: false @ https://www.nevumo.com/_next/static/chunks/69e85712e58e420a.js:0
[    3026ms] [LOG] [use-translation] Final translation source: privacy_policy_link value: Privacy Policy from dict: false @ https://www.nevumo.com/_next/static/chunks/69e85712e58e420a.js:0
[    3026ms] [LOG] [use-translation] Final translation source: cookies_link value: Cookie Policy from dict: false @ https://www.nevumo.com/_next/static/chunks/69e85712e58e420a.js:0
[    3026ms] [LOG] [use-translation] Final translation source: terms_link value: Terms & Conditions from dict: false @ https://www.nevumo.com/_next/static/chunks/69e85712e58e420a.js:0
[    3027ms] [LOG] [use-translation] Final translation source: provider_terms_link value: Terms for Providers from dict: false @ https://www.nevumo.com/_next/static/chunks/69e85712e58e420a.js:0
[    3027ms] [LOG] [use-translation] Final translation source: withdrawal_link value: Withdrawal Form from dict: false @ https://www.nevumo.com/_next/static/chunks/69e85712e58e420a.js:0
[    3027ms] [LOG] [use-translation] Final translation source: contact_dsa_link value: DSA Contact Point from dict: false @ https://www.nevumo.com/_next/static/chunks/69e85712e58e420a.js:0
[    3027ms] [LOG] [use-translation] Final translation source: cookie_settings_link value: Cookie Settings from dict: false @ https://www.nevumo.com/_next/static/chunks/69e85712e58e420a.js:0
[    3041ms] [LOG] [use-translation] Final translation source: cookie_settings_link value: Cookie Settings from dict: true @ https://www.nevumo.com/_next/static/chunks/69e85712e58e420a.js:0
[    3042ms] [LOG] [use-translation] Final translation source: phone_error value: Enter a valid phone number from dict: true @ https://www.nevumo.com/_next/static/chunks/69e85712e58e420a.js:0
[    3043ms] [LOG] [use-translation] Final translation source: install_app value: Install the app from dict: true @ https://www.nevumo.com/_next/static/chunks/69e85712e58e420a.js:0
[    3044ms] [LOG] [use-translation] Final translation source: share_page value: Share from dict: true @ https://www.nevumo.com/_next/static/chunks/69e85712e58e420a.js:0
[    3044ms] [LOG] [use-translation] Final translation source: privacy_policy_link value: Privacy Policy from dict: true @ https://www.nevumo.com/_next/static/chunks/69e85712e58e420a.js:0
[    3044ms] [LOG] [use-translation] Final translation source: cookies_link value: Cookie Policy from dict: true @ https://www.nevumo.com/_next/static/chunks/69e85712e58e420a.js:0
[    3044ms] [LOG] [use-translation] Final translation source: terms_link value: Terms & Conditions from dict: true @ https://www.nevumo.com/_next/static/chunks/69e85712e58e420a.js:0
[    3044ms] [LOG] [use-translation] Final translation source: provider_terms_link value: Terms for Providers from dict: true @ https://www.nevumo.com/_next/static/chunks/69e85712e58e420a.js:0
[    3044ms] [LOG] [use-translation] Final translation source: withdrawal_link value: Withdrawal Form from dict: true @ https://www.nevumo.com/_next/static/chunks/69e85712e58e420a.js:0
[    3044ms] [LOG] [use-translation] Final translation source: contact_dsa_link value: DSA Contact Point from dict: true @ https://www.nevumo.com/_next/static/chunks/69e85712e58e420a.js:0
[    3044ms] [LOG] [use-translation] Final translation source: cookie_settings_link value: Cookie Settings from dict: true @ https://www.nevumo.com/_next/static/chunks/69e85712e58e420a.js:0
[    3045ms] [LOG] [use-translation] Final translation source: install_app value: Install the app from dict: true @ https://www.nevumo.com/_next/static/chunks/69e85712e58e420a.js:0
[    3045ms] [LOG] [use-translation] Final translation source: share_page value: Share from dict: true @ https://www.nevumo.com/_next/static/chunks/69e85712e58e420a.js:0
[    3045ms] [LOG] [use-translation] Final translation source: privacy_policy_link value: Privacy Policy from dict: true @ https://www.nevumo.com/_next/static/chunks/69e85712e58e420a.js:0
[    3045ms] [LOG] [use-translation] Final translation source: cookies_link value: Cookie Policy from dict: true @ https://www.nevumo.com/_next/static/chunks/69e85712e58e420a.js:0
[    3045ms] [LOG] [use-translation] Final translation source: terms_link value: Terms & Conditions from dict: true @ https://www.nevumo.com/_next/static/chunks/69e85712e58e420a.js:0
[    3045ms] [LOG] [use-translation] Final translation source: provider_terms_link value: Terms for Providers from dict: true @ https://www.nevumo.com/_next/static/chunks/69e85712e58e420a.js:0
[    3045ms] [LOG] [use-translation] Final translation source: withdrawal_link value: Withdrawal Form from dict: true @ https://www.nevumo.com/_next/static/chunks/69e85712e58e420a.js:0
[    3045ms] [LOG] [use-translation] Final translation source: contact_dsa_link value: DSA Contact Point from dict: true @ https://www.nevumo.com/_next/static/chunks/69e85712e58e420a.js:0
[    3045ms] [LOG] [use-translation] Final translation source: cookie_settings_link value: Cookie Settings from dict: true @ https://www.nevumo.com/_next/static/chunks/69e85712e58e420a.js:0
[    3080ms] [LOG] [use-translation] Final translation source: install_app value: Install the app from dict: true @ https://www.nevumo.com/_next/static/chunks/69e85712e58e420a.js:0
[    3080ms] [LOG] [use-translation] Final translation source: share_page value: Share from dict: true @ https://www.nevumo.com/_next/static/chunks/69e85712e58e420a.js:0
[    3080ms] [LOG] [use-translation] Final translation source: privacy_policy_link value: Privacy Policy from dict: true @ https://www.nevumo.com/_next/static/chunks/69e85712e58e420a.js:0
[    3080ms] [LOG] [use-translation] Final translation source: cookies_link value: Cookie Policy from dict: true @ https://www.nevumo.com/_next/static/chunks/69e85712e58e420a.js:0
[    3081ms] [LOG] [use-translation] Final translation source: terms_link value: Terms & Conditions from dict: true @ https://www.nevumo.com/_next/static/chunks/69e85712e58e420a.js:0
[    3081ms] [LOG] [use-translation] Final translation source: provider_terms_link value: Terms for Providers from dict: true @ https://www.nevumo.com/_next/static/chunks/69e85712e58e420a.js:0
[    3081ms] [LOG] [use-translation] Final translation source: withdrawal_link value: Withdrawal Form from dict: true @ https://www.nevumo.com/_next/static/chunks/69e85712e58e420a.js:0
[    3081ms] [LOG] [use-translation] Final translation source: contact_dsa_link value: DSA Contact Point from dict: true @ https://www.nevumo.com/_next/static/chunks/69e85712e58e420a.js:0
[    3081ms] [LOG] [use-translation] Final translation source: cookie_settings_link value: Cookie Settings from dict: true @ https://www.nevumo.com/_next/static/chunks/69e85712e58e420a.js:0
