[     719ms] [LOG] [use-translation] Final translation source: cookie_title value: We value your privacy from dict: false @ https://www.nevumo.com/_next/static/chunks/69e85712e58e420a.js:0
[     719ms] [LOG] [use-translation] Final translation source: cookie_description value: We use cookies and similar technologies to improve your experience. from dict: false @ https://www.nevumo.com/_next/static/chunks/69e85712e58e420a.js:0
[     719ms] [LOG] [use-translation] Final translation source: cookie_privacy_link value: Privacy Policy from dict: false @ https://www.nevumo.com/_next/static/chunks/69e85712e58e420a.js:0
[     719ms] [LOG] [use-translation] Final translation source: customize value: Customize from dict: false @ https://www.nevumo.com/_next/static/chunks/69e85712e58e420a.js:0
[     719ms] [LOG] [use-translation] Final translation source: reject_all value: Reject All from dict: false @ https://www.nevumo.com/_next/static/chunks/69e85712e58e420a.js:0
[     719ms] [LOG] [use-translation] Final translation source: accept_all value: Accept All from dict: false @ https://www.nevumo.com/_next/static/chunks/69e85712e58e420a.js:0
[     879ms] [LOG] [use-translation] Final translation source: install_app value: Install the app from dict: false @ https://www.nevumo.com/_next/static/chunks/69e85712e58e420a.js:0
[     879ms] [LOG] [use-translation] Final translation source: share_page value: Share from dict: false @ https://www.nevumo.com/_next/static/chunks/69e85712e58e420a.js:0
[     879ms] [LOG] [use-translation] Final translation source: privacy_policy_link value: Privacy Policy from dict: false @ https://www.nevumo.com/_next/static/chunks/69e85712e58e420a.js:0
[     880ms] [LOG] [use-translation] Final translation source: cookies_link value: Cookie Policy from dict: false @ https://www.nevumo.com/_next/static/chunks/69e85712e58e420a.js:0
[     880ms] [LOG] [use-translation] Final translation source: terms_link value: Terms & Conditions from dict: false @ https://www.nevumo.com/_next/static/chunks/69e85712e58e420a.js:0
[     880ms] [LOG] [use-translation] Final translation source: provider_terms_link value: Terms for Providers from dict: false @ https://www.nevumo.com/_next/static/chunks/69e85712e58e420a.js:0
[     880ms] [LOG] [use-translation] Final translation source: withdrawal_link value: Withdrawal Form from dict: false @ https://www.nevumo.com/_next/static/chunks/69e85712e58e420a.js:0
[     880ms] [LOG] [use-translation] Final translation source: contact_dsa_link value: DSA Contact Point from dict: false @ https://www.nevumo.com/_next/static/chunks/69e85712e58e420a.js:0
[     883ms] [LOG] [use-translation] Final translation source: cookie_settings_link value: Cookie Settings from dict: false @ https://www.nevumo.com/_next/static/chunks/69e85712e58e420a.js:0
[     919ms] [LOG] [use-translation] Final translation source: cookie_title value: We use cookies from dict: true @ https://www.nevumo.com/_next/static/chunks/69e85712e58e420a.js:0
[     919ms] [LOG] [use-translation] Final translation source: cookie_description value: We use cookies and similar technologies to improve your experience, analyse traffic and show relevant content. You can choose which categories to allow. from dict: true @ https://www.nevumo.com/_next/static/chunks/69e85712e58e420a.js:0
[     919ms] [LOG] [use-translation] Final translation source: cookie_privacy_link value: Privacy Policy from dict: true @ https://www.nevumo.com/_next/static/chunks/69e85712e58e420a.js:0
[     919ms] [LOG] [use-translation] Final translation source: customize value: Customize from dict: true @ https://www.nevumo.com/_next/static/chunks/69e85712e58e420a.js:0
[     920ms] [LOG] [use-translation] Final translation source: reject_all value: Reject All from dict: true @ https://www.nevumo.com/_next/static/chunks/69e85712e58e420a.js:0
[     920ms] [LOG] [use-translation] Final translation source: accept_all value: Accept All from dict: true @ https://www.nevumo.com/_next/static/chunks/69e85712e58e420a.js:0
[    1166ms] [LOG] [use-translation] Final translation source: cookie_settings_link value: Cookie Settings from dict: true @ https://www.nevumo.com/_next/static/chunks/69e85712e58e420a.js:0
[    1199ms] [LOG] [use-translation] Final translation source: cookie_settings_link value: Cookie Settings from dict: true @ https://www.nevumo.com/_next/static/chunks/69e85712e58e420a.js:0
[    1426ms] [LOG] [use-translation] Final translation source: install_app value: Install the app from dict: false @ https://www.nevumo.com/_next/static/chunks/69e85712e58e420a.js:0
[    1426ms] [LOG] [use-translation] Final translation source: share_page value: Share from dict: false @ https://www.nevumo.com/_next/static/chunks/69e85712e58e420a.js:0
[    1426ms] [LOG] [use-translation] Final translation source: privacy_policy_link value: Privacy Policy from dict: false @ https://www.nevumo.com/_next/static/chunks/69e85712e58e420a.js:0
[    1426ms] [LOG] [use-translation] Final translation source: cookies_link value: Cookie Policy from dict: false @ https://www.nevumo.com/_next/static/chunks/69e85712e58e420a.js:0
[    1426ms] [LOG] [use-translation] Final translation source: terms_link value: Terms & Conditions from dict: false @ https://www.nevumo.com/_next/static/chunks/69e85712e58e420a.js:0
[    1426ms] [LOG] [use-translation] Final translation source: provider_terms_link value: Terms for Providers from dict: false @ https://www.nevumo.com/_next/static/chunks/69e85712e58e420a.js:0
[    1426ms] [LOG] [use-translation] Final translation source: withdrawal_link value: Withdrawal Form from dict: false @ https://www.nevumo.com/_next/static/chunks/69e85712e58e420a.js:0
[    1427ms] [LOG] [use-translation] Final translation source: contact_dsa_link value: DSA Contact Point from dict: false @ https://www.nevumo.com/_next/static/chunks/69e85712e58e420a.js:0
[    1427ms] [LOG] [use-translation] Final translation source: cookie_settings_link value: Cookie Settings from dict: true @ https://www.nevumo.com/_next/static/chunks/69e85712e58e420a.js:0
[    1427ms] [LOG] [use-translation] Final translation source: install_app value: Install the app from dict: false @ https://www.nevumo.com/_next/static/chunks/69e85712e58e420a.js:0
[    1428ms] [LOG] [use-translation] Final translation source: share_page value: Share from dict: false @ https://www.nevumo.com/_next/static/chunks/69e85712e58e420a.js:0
[    1428ms] [LOG] [use-translation] Final translation source: privacy_policy_link value: Privacy Policy from dict: false @ https://www.nevumo.com/_next/static/chunks/69e85712e58e420a.js:0
[    1428ms] [LOG] [use-translation] Final translation source: cookies_link value: Cookie Policy from dict: false @ https://www.nevumo.com/_next/static/chunks/69e85712e58e420a.js:0
[    1428ms] [LOG] [use-translation] Final translation source: terms_link value: Terms & Conditions from dict: false @ https://www.nevumo.com/_next/static/chunks/69e85712e58e420a.js:0
[    1428ms] [LOG] [use-translation] Final translation source: provider_terms_link value: Terms for Providers from dict: false @ https://www.nevumo.com/_next/static/chunks/69e85712e58e420a.js:0
[    1428ms] [LOG] [use-translation] Final translation source: withdrawal_link value: Withdrawal Form from dict: false @ https://www.nevumo.com/_next/static/chunks/69e85712e58e420a.js:0
[    1428ms] [LOG] [use-translation] Final translation source: contact_dsa_link value: DSA Contact Point from dict: false @ https://www.nevumo.com/_next/static/chunks/69e85712e58e420a.js:0
[    1438ms] [LOG] [use-translation] Final translation source: install_app value: Install the app from dict: false @ https://www.nevumo.com/_next/static/chunks/69e85712e58e420a.js:0
[    1438ms] [LOG] [use-translation] Final translation source: share_page value: Share from dict: false @ https://www.nevumo.com/_next/static/chunks/69e85712e58e420a.js:0
[    1438ms] [LOG] [use-translation] Final translation source: privacy_policy_link value: Privacy Policy from dict: false @ https://www.nevumo.com/_next/static/chunks/69e85712e58e420a.js:0
[    1438ms] [LOG] [use-translation] Final translation source: cookies_link value: Cookie Policy from dict: false @ https://www.nevumo.com/_next/static/chunks/69e85712e58e420a.js:0
[    1438ms] [LOG] [use-translation] Final translation source: terms_link value: Terms & Conditions from dict: false @ https://www.nevumo.com/_next/static/chunks/69e85712e58e420a.js:0
[    1438ms] [LOG] [use-translation] Final translation source: provider_terms_link value: Terms for Providers from dict: false @ https://www.nevumo.com/_next/static/chunks/69e85712e58e420a.js:0
[    1438ms] [LOG] [use-translation] Final translation source: withdrawal_link value: Withdrawal Form from dict: false @ https://www.nevumo.com/_next/static/chunks/69e85712e58e420a.js:0
[    1438ms] [LOG] [use-translation] Final translation source: contact_dsa_link value: DSA Contact Point from dict: false @ https://www.nevumo.com/_next/static/chunks/69e85712e58e420a.js:0
[    1438ms] [LOG] [use-translation] Final translation source: cookie_settings_link value: Cookie Settings from dict: true @ https://www.nevumo.com/_next/static/chunks/69e85712e58e420a.js:0
[    1440ms] [LOG] [use-translation] Final translation source: install_app value: Install the app from dict: false @ https://www.nevumo.com/_next/static/chunks/69e85712e58e420a.js:0
[    1441ms] [LOG] [use-translation] Final translation source: share_page value: Share from dict: false @ https://www.nevumo.com/_next/static/chunks/69e85712e58e420a.js:0
[    1441ms] [LOG] [use-translation] Final translation source: privacy_policy_link value: Privacy Policy from dict: false @ https://www.nevumo.com/_next/static/chunks/69e85712e58e420a.js:0
[    1441ms] [LOG] [use-translation] Final translation source: cookies_link value: Cookie Policy from dict: false @ https://www.nevumo.com/_next/static/chunks/69e85712e58e420a.js:0
[    1441ms] [LOG] [use-translation] Final translation source: terms_link value: Terms & Conditions from dict: false @ https://www.nevumo.com/_next/static/chunks/69e85712e58e420a.js:0
[    1441ms] [LOG] [use-translation] Final translation source: provider_terms_link value: Terms for Providers from dict: false @ https://www.nevumo.com/_next/static/chunks/69e85712e58e420a.js:0
[    1441ms] [LOG] [use-translation] Final translation source: withdrawal_link value: Withdrawal Form from dict: false @ https://www.nevumo.com/_next/static/chunks/69e85712e58e420a.js:0
[    1441ms] [LOG] [use-translation] Final translation source: contact_dsa_link value: DSA Contact Point from dict: false @ https://www.nevumo.com/_next/static/chunks/69e85712e58e420a.js:0
[    1441ms] [LOG] [use-translation] Final translation source: cookie_settings_link value: Cookie Settings from dict: true @ https://www.nevumo.com/_next/static/chunks/69e85712e58e420a.js:0
[    1452ms] [LOG] [use-translation] Final translation source: install_app value: Install the app from dict: false @ https://www.nevumo.com/_next/static/chunks/69e85712e58e420a.js:0
[    1452ms] [LOG] [use-translation] Final translation source: share_page value: Share from dict: false @ https://www.nevumo.com/_next/static/chunks/69e85712e58e420a.js:0
[    1452ms] [LOG] [use-translation] Final translation source: privacy_policy_link value: Privacy Policy from dict: false @ https://www.nevumo.com/_next/static/chunks/69e85712e58e420a.js:0
[    1452ms] [LOG] [use-translation] Final translation source: cookies_link value: Cookie Policy from dict: false @ https://www.nevumo.com/_next/static/chunks/69e85712e58e420a.js:0
[    1452ms] [LOG] [use-translation] Final translation source: terms_link value: Terms & Conditions from dict: false @ https://www.nevumo.com/_next/static/chunks/69e85712e58e420a.js:0
[    1452ms] [LOG] [use-translation] Final translation source: provider_terms_link value: Terms for Providers from dict: false @ https://www.nevumo.com/_next/static/chunks/69e85712e58e420a.js:0
[    1452ms] [LOG] [use-translation] Final translation source: withdrawal_link value: Withdrawal Form from dict: false @ https://www.nevumo.com/_next/static/chunks/69e85712e58e420a.js:0
[    1452ms] [LOG] [use-translation] Final translation source: contact_dsa_link value: DSA Contact Point from dict: false @ https://www.nevumo.com/_next/static/chunks/69e85712e58e420a.js:0
[    1453ms] [LOG] [use-translation] Final translation source: cookie_settings_link value: Cookie Settings from dict: true @ https://www.nevumo.com/_next/static/chunks/69e85712e58e420a.js:0
[    1456ms] [INFO] Banner not shown: beforeinstallpromptevent.preventDefault() called. The page must call beforeinstallpromptevent.prompt() to show the banner. @ https://www.nevumo.com/en/withdrawal:0
[    1462ms] [LOG] [use-translation] Final translation source: install_app value: Install the app from dict: true @ https://www.nevumo.com/_next/static/chunks/69e85712e58e420a.js:0
[    1462ms] [LOG] [use-translation] Final translation source: share_page value: Share from dict: true @ https://www.nevumo.com/_next/static/chunks/69e85712e58e420a.js:0
[    1462ms] [LOG] [use-translation] Final translation source: privacy_policy_link value: Privacy Policy from dict: true @ https://www.nevumo.com/_next/static/chunks/69e85712e58e420a.js:0
[    1462ms] [LOG] [use-translation] Final translation source: cookies_link value: Cookie Policy from dict: true @ https://www.nevumo.com/_next/static/chunks/69e85712e58e420a.js:0
[    1462ms] [LOG] [use-translation] Final translation source: terms_link value: Terms & Conditions from dict: true @ https://www.nevumo.com/_next/static/chunks/69e85712e58e420a.js:0
[    1462ms] [LOG] [use-translation] Final translation source: provider_terms_link value: Terms for Providers from dict: true @ https://www.nevumo.com/_next/static/chunks/69e85712e58e420a.js:0
[    1462ms] [LOG] [use-translation] Final translation source: withdrawal_link value: Withdrawal Form from dict: true @ https://www.nevumo.com/_next/static/chunks/69e85712e58e420a.js:0
[    1462ms] [LOG] [use-translation] Final translation source: contact_dsa_link value: DSA Contact Point from dict: true @ https://www.nevumo.com/_next/static/chunks/69e85712e58e420a.js:0
[    1463ms] [LOG] [use-translation] Final translation source: cookie_settings_link value: Cookie Settings from dict: true @ https://www.nevumo.com/_next/static/chunks/69e85712e58e420a.js:0
[    1467ms] [LOG] [use-translation] Final translation source: install_app value: Install the app from dict: true @ https://www.nevumo.com/_next/static/chunks/69e85712e58e420a.js:0
[    1467ms] [LOG] [use-translation] Final translation source: share_page value: Share from dict: true @ https://www.nevumo.com/_next/static/chunks/69e85712e58e420a.js:0
[    1468ms] [LOG] [use-translation] Final translation source: privacy_policy_link value: Privacy Policy from dict: true @ https://www.nevumo.com/_next/static/chunks/69e85712e58e420a.js:0
[    1468ms] [LOG] [use-translation] Final translation source: cookies_link value: Cookie Policy from dict: true @ https://www.nevumo.com/_next/static/chunks/69e85712e58e420a.js:0
[    1468ms] [LOG] [use-translation] Final translation source: terms_link value: Terms & Conditions from dict: true @ https://www.nevumo.com/_next/static/chunks/69e85712e58e420a.js:0
[    1468ms] [LOG] [use-translation] Final translation source: provider_terms_link value: Terms for Providers from dict: true @ https://www.nevumo.com/_next/static/chunks/69e85712e58e420a.js:0
[    1468ms] [LOG] [use-translation] Final translation source: withdrawal_link value: Withdrawal Form from dict: true @ https://www.nevumo.com/_next/static/chunks/69e85712e58e420a.js:0
[    1468ms] [LOG] [use-translation] Final translation source: contact_dsa_link value: DSA Contact Point from dict: true @ https://www.nevumo.com/_next/static/chunks/69e85712e58e420a.js:0
[    1468ms] [LOG] [use-translation] Final translation source: cookie_settings_link value: Cookie Settings from dict: true @ https://www.nevumo.com/_next/static/chunks/69e85712e58e420a.js:0
[    1479ms] [LOG] [use-translation] Final translation source: install_app value: Install the app from dict: true @ https://www.nevumo.com/_next/static/chunks/69e85712e58e420a.js:0
[    1479ms] [LOG] [use-translation] Final translation source: share_page value: Share from dict: true @ https://www.nevumo.com/_next/static/chunks/69e85712e58e420a.js:0
[    1479ms] [LOG] [use-translation] Final translation source: privacy_policy_link value: Privacy Policy from dict: true @ https://www.nevumo.com/_next/static/chunks/69e85712e58e420a.js:0
[    1479ms] [LOG] [use-translation] Final translation source: cookies_link value: Cookie Policy from dict: true @ https://www.nevumo.com/_next/static/chunks/69e85712e58e420a.js:0
[    1479ms] [LOG] [use-translation] Final translation source: terms_link value: Terms & Conditions from dict: true @ https://www.nevumo.com/_next/static/chunks/69e85712e58e420a.js:0
[    1479ms] [LOG] [use-translation] Final translation source: provider_terms_link value: Terms for Providers from dict: true @ https://www.nevumo.com/_next/static/chunks/69e85712e58e420a.js:0
[    1480ms] [LOG] [use-translation] Final translation source: withdrawal_link value: Withdrawal Form from dict: true @ https://www.nevumo.com/_next/static/chunks/69e85712e58e420a.js:0
[    1480ms] [LOG] [use-translation] Final translation source: contact_dsa_link value: DSA Contact Point from dict: true @ https://www.nevumo.com/_next/static/chunks/69e85712e58e420a.js:0
[    1480ms] [LOG] [use-translation] Final translation source: cookie_settings_link value: Cookie Settings from dict: true @ https://www.nevumo.com/_next/static/chunks/69e85712e58e420a.js:0
[    1490ms] [LOG] [use-translation] Final translation source: install_app value: Install the app from dict: true @ https://www.nevumo.com/_next/static/chunks/69e85712e58e420a.js:0
[    1491ms] [LOG] [use-translation] Final translation source: share_page value: Share from dict: true @ https://www.nevumo.com/_next/static/chunks/69e85712e58e420a.js:0
[    1491ms] [LOG] [use-translation] Final translation source: privacy_policy_link value: Privacy Policy from dict: true @ https://www.nevumo.com/_next/static/chunks/69e85712e58e420a.js:0
[    1491ms] [LOG] [use-translation] Final translation source: cookies_link value: Cookie Policy from dict: true @ https://www.nevumo.com/_next/static/chunks/69e85712e58e420a.js:0
[    1491ms] [LOG] [use-translation] Final translation source: terms_link value: Terms & Conditions from dict: true @ https://www.nevumo.com/_next/static/chunks/69e85712e58e420a.js:0
[    1491ms] [LOG] [use-translation] Final translation source: provider_terms_link value: Terms for Providers from dict: true @ https://www.nevumo.com/_next/static/chunks/69e85712e58e420a.js:0
[    1491ms] [LOG] [use-translation] Final translation source: withdrawal_link value: Withdrawal Form from dict: true @ https://www.nevumo.com/_next/static/chunks/69e85712e58e420a.js:0
[    1491ms] [LOG] [use-translation] Final translation source: contact_dsa_link value: DSA Contact Point from dict: true @ https://www.nevumo.com/_next/static/chunks/69e85712e58e420a.js:0
[    1491ms] [LOG] [use-translation] Final translation source: cookie_settings_link value: Cookie Settings from dict: true @ https://www.nevumo.com/_next/static/chunks/69e85712e58e420a.js:0
