[     953ms] [LOG] [use-translation] Final translation source: cookie_title value: We value your privacy from dict: false @ https://www.nevumo.com/_next/static/chunks/69e85712e58e420a.js:0
[     953ms] [LOG] [use-translation] Final translation source: cookie_description value: We use cookies and similar technologies to improve your experience. from dict: false @ https://www.nevumo.com/_next/static/chunks/69e85712e58e420a.js:0
[     953ms] [LOG] [use-translation] Final translation source: cookie_privacy_link value: Privacy Policy from dict: false @ https://www.nevumo.com/_next/static/chunks/69e85712e58e420a.js:0
[     953ms] [LOG] [use-translation] Final translation source: customize value: Customize from dict: false @ https://www.nevumo.com/_next/static/chunks/69e85712e58e420a.js:0
[     953ms] [LOG] [use-translation] Final translation source: reject_all value: Reject All from dict: false @ https://www.nevumo.com/_next/static/chunks/69e85712e58e420a.js:0
[     953ms] [LOG] [use-translation] Final translation source: accept_all value: Accept All from dict: false @ https://www.nevumo.com/_next/static/chunks/69e85712e58e420a.js:0
[     993ms] [LOG] [AuthPage] authDict keys: [claim_headline, claim_subtitle, claim_cta_btn, quick_login_label, google_btn, facebook_btn, or_with_email, continue_btn, page_title, meta_description, hero_title_client, hero_subtitle_client, hero_title_provider, back_btn, register_subtitle, forgot_password_link, login_btn, forgot_title, forgot_subtitle, forgot_send_btn, password_placeholder_register, password_placeholder_login, forgot_sent_btn, forgot_check_email, checking_btn, logging_in_btn, registering_btn, sending_btn, error_wrong_password, error_generic, error_rate_limit, error_account_disabled, error_email_exists, register_success, coming_soon, oauth_terms_title, oauth_terms_subtitle, oauth_continue_google, oauth_error_generic, terms_link, oauth_error, dismiss_button, terms_accept_prefix, terms_provider_link, terms_and, privacy_link, modal_title_terms, modal_title_terms_provider, modal_title_privacy, select_role_title, select_role_subtitle, select_role_client_title, select_role_client_subtitle, select_role_provider_title, select_role_provider_subtitle] @ https://www.nevumo.com/_next/static/chunks/c735c10bc8e39c87.js:0
[     994ms] [LOG] [AuthPage] authDict sample: {claim_headline: Claim your profile on Nevumo, claim_subtitle: Register for free and manage your clients, claim_cta_btn: Claim profile, quick_login_label: Quick login without password, google_btn: Sign in with Google} @ https://www.nevumo.com/_next/static/chunks/c735c10bc8e39c87.js:0
[     995ms] [LOG] [use-translation] Final translation source: install_app value: Install the app from dict: false @ https://www.nevumo.com/_next/static/chunks/69e85712e58e420a.js:0
[     995ms] [LOG] [use-translation] Final translation source: share_page value: Share from dict: false @ https://www.nevumo.com/_next/static/chunks/69e85712e58e420a.js:0
[     995ms] [LOG] [use-translation] Final translation source: privacy_policy_link value: Privacy Policy from dict: false @ https://www.nevumo.com/_next/static/chunks/69e85712e58e420a.js:0
[     995ms] [LOG] [use-translation] Final translation source: cookies_link value: Cookie Policy from dict: false @ https://www.nevumo.com/_next/static/chunks/69e85712e58e420a.js:0
[     995ms] [LOG] [use-translation] Final translation source: terms_link value: Terms & Conditions from dict: false @ https://www.nevumo.com/_next/static/chunks/69e85712e58e420a.js:0
[     995ms] [LOG] [use-translation] Final translation source: provider_terms_link value: Terms for Providers from dict: false @ https://www.nevumo.com/_next/static/chunks/69e85712e58e420a.js:0
[     995ms] [LOG] [use-translation] Final translation source: withdrawal_link value: Withdrawal Form from dict: false @ https://www.nevumo.com/_next/static/chunks/69e85712e58e420a.js:0
[     995ms] [LOG] [use-translation] Final translation source: contact_dsa_link value: DSA Contact Point from dict: false @ https://www.nevumo.com/_next/static/chunks/69e85712e58e420a.js:0
[     996ms] [LOG] [use-translation] Final translation source: cookie_settings_link value: Cookie Settings from dict: false @ https://www.nevumo.com/_next/static/chunks/69e85712e58e420a.js:0
[    1015ms] [LOG] [AuthPage] authDict keys: [claim_headline, claim_subtitle, claim_cta_btn, quick_login_label, google_btn, facebook_btn, or_with_email, continue_btn, page_title, meta_description, hero_title_client, hero_subtitle_client, hero_title_provider, back_btn, register_subtitle, forgot_password_link, login_btn, forgot_title, forgot_subtitle, forgot_send_btn, password_placeholder_register, password_placeholder_login, forgot_sent_btn, forgot_check_email, checking_btn, logging_in_btn, registering_btn, sending_btn, error_wrong_password, error_generic, error_rate_limit, error_account_disabled, error_email_exists, register_success, coming_soon, oauth_terms_title, oauth_terms_subtitle, oauth_continue_google, oauth_error_generic, terms_link, oauth_error, dismiss_button, terms_accept_prefix, terms_provider_link, terms_and, privacy_link, modal_title_terms, modal_title_terms_provider, modal_title_privacy, select_role_title, select_role_subtitle, select_role_client_title, select_role_client_subtitle, select_role_provider_title, select_role_provider_subtitle] @ https://www.nevumo.com/_next/static/chunks/c735c10bc8e39c87.js:0
[    1015ms] [LOG] [AuthPage] authDict sample: {claim_headline: Claim your profile on Nevumo, claim_subtitle: Register for free and manage your clients, claim_cta_btn: Claim profile, quick_login_label: Quick login without password, google_btn: Sign in with Google} @ https://www.nevumo.com/_next/static/chunks/c735c10bc8e39c87.js:0
[    1133ms] [INFO] Banner not shown: beforeinstallpromptevent.preventDefault() called. The page must call beforeinstallpromptevent.prompt() to show the banner. @ https://www.nevumo.com/en/auth?mode=register:0
[    1215ms] [LOG] [use-translation] Final translation source: cookie_title value: We use cookies from dict: true @ https://www.nevumo.com/_next/static/chunks/69e85712e58e420a.js:0
[    1215ms] [LOG] [use-translation] Final translation source: cookie_description value: We use cookies and similar technologies to improve your experience, analyse traffic and show relevant content. You can choose which categories to allow. from dict: true @ https://www.nevumo.com/_next/static/chunks/69e85712e58e420a.js:0
[    1215ms] [LOG] [use-translation] Final translation source: cookie_privacy_link value: Privacy Policy from dict: true @ https://www.nevumo.com/_next/static/chunks/69e85712e58e420a.js:0
[    1215ms] [LOG] [use-translation] Final translation source: customize value: Customize from dict: true @ https://www.nevumo.com/_next/static/chunks/69e85712e58e420a.js:0
[    1215ms] [LOG] [use-translation] Final translation source: reject_all value: Reject All from dict: true @ https://www.nevumo.com/_next/static/chunks/69e85712e58e420a.js:0
[    1215ms] [LOG] [use-translation] Final translation source: accept_all value: Accept All from dict: true @ https://www.nevumo.com/_next/static/chunks/69e85712e58e420a.js:0
[    1216ms] [LOG] [use-translation] Final translation source: install_app value: Install the app from dict: false @ https://www.nevumo.com/_next/static/chunks/69e85712e58e420a.js:0
[    1217ms] [LOG] [use-translation] Final translation source: share_page value: Share from dict: false @ https://www.nevumo.com/_next/static/chunks/69e85712e58e420a.js:0
[    1217ms] [LOG] [use-translation] Final translation source: privacy_policy_link value: Privacy Policy from dict: false @ https://www.nevumo.com/_next/static/chunks/69e85712e58e420a.js:0
[    1217ms] [LOG] [use-translation] Final translation source: cookies_link value: Cookie Policy from dict: false @ https://www.nevumo.com/_next/static/chunks/69e85712e58e420a.js:0
[    1217ms] [LOG] [use-translation] Final translation source: terms_link value: Terms & Conditions from dict: false @ https://www.nevumo.com/_next/static/chunks/69e85712e58e420a.js:0
[    1217ms] [LOG] [use-translation] Final translation source: provider_terms_link value: Terms for Providers from dict: false @ https://www.nevumo.com/_next/static/chunks/69e85712e58e420a.js:0
[    1217ms] [LOG] [use-translation] Final translation source: withdrawal_link value: Withdrawal Form from dict: false @ https://www.nevumo.com/_next/static/chunks/69e85712e58e420a.js:0
[    1217ms] [LOG] [use-translation] Final translation source: contact_dsa_link value: DSA Contact Point from dict: false @ https://www.nevumo.com/_next/static/chunks/69e85712e58e420a.js:0
[    1218ms] [LOG] [use-translation] Final translation source: cookie_settings_link value: Cookie Settings from dict: false @ https://www.nevumo.com/_next/static/chunks/69e85712e58e420a.js:0
[    1314ms] [LOG] [use-translation] Final translation source: install_app value: Install the app from dict: false @ https://www.nevumo.com/_next/static/chunks/69e85712e58e420a.js:0
[    1315ms] [LOG] [use-translation] Final translation source: share_page value: Share from dict: false @ https://www.nevumo.com/_next/static/chunks/69e85712e58e420a.js:0
[    1315ms] [LOG] [use-translation] Final translation source: privacy_policy_link value: Privacy Policy from dict: false @ https://www.nevumo.com/_next/static/chunks/69e85712e58e420a.js:0
[    1315ms] [LOG] [use-translation] Final translation source: cookies_link value: Cookie Policy from dict: false @ https://www.nevumo.com/_next/static/chunks/69e85712e58e420a.js:0
[    1315ms] [LOG] [use-translation] Final translation source: terms_link value: Terms & Conditions from dict: false @ https://www.nevumo.com/_next/static/chunks/69e85712e58e420a.js:0
[    1315ms] [LOG] [use-translation] Final translation source: provider_terms_link value: Terms for Providers from dict: false @ https://www.nevumo.com/_next/static/chunks/69e85712e58e420a.js:0
[    1315ms] [LOG] [use-translation] Final translation source: withdrawal_link value: Withdrawal Form from dict: false @ https://www.nevumo.com/_next/static/chunks/69e85712e58e420a.js:0
[    1315ms] [LOG] [use-translation] Final translation source: contact_dsa_link value: DSA Contact Point from dict: false @ https://www.nevumo.com/_next/static/chunks/69e85712e58e420a.js:0
[    1316ms] [LOG] [use-translation] Final translation source: cookie_settings_link value: Cookie Settings from dict: false @ https://www.nevumo.com/_next/static/chunks/69e85712e58e420a.js:0
[    1317ms] [LOG] [use-translation] Final translation source: cookie_settings_link value: Cookie Settings from dict: true @ https://www.nevumo.com/_next/static/chunks/69e85712e58e420a.js:0
[    1324ms] [LOG] [use-translation] Final translation source: install_app value: Install the app from dict: false @ https://www.nevumo.com/_next/static/chunks/69e85712e58e420a.js:0
[    1324ms] [LOG] [use-translation] Final translation source: share_page value: Share from dict: false @ https://www.nevumo.com/_next/static/chunks/69e85712e58e420a.js:0
[    1324ms] [LOG] [use-translation] Final translation source: privacy_policy_link value: Privacy Policy from dict: false @ https://www.nevumo.com/_next/static/chunks/69e85712e58e420a.js:0
[    1324ms] [LOG] [use-translation] Final translation source: cookies_link value: Cookie Policy from dict: false @ https://www.nevumo.com/_next/static/chunks/69e85712e58e420a.js:0
[    1324ms] [LOG] [use-translation] Final translation source: terms_link value: Terms & Conditions from dict: false @ https://www.nevumo.com/_next/static/chunks/69e85712e58e420a.js:0
[    1325ms] [LOG] [use-translation] Final translation source: provider_terms_link value: Terms for Providers from dict: false @ https://www.nevumo.com/_next/static/chunks/69e85712e58e420a.js:0
[    1325ms] [LOG] [use-translation] Final translation source: withdrawal_link value: Withdrawal Form from dict: false @ https://www.nevumo.com/_next/static/chunks/69e85712e58e420a.js:0
[    1325ms] [LOG] [use-translation] Final translation source: contact_dsa_link value: DSA Contact Point from dict: false @ https://www.nevumo.com/_next/static/chunks/69e85712e58e420a.js:0
[    1325ms] [LOG] [use-translation] Final translation source: cookie_settings_link value: Cookie Settings from dict: true @ https://www.nevumo.com/_next/static/chunks/69e85712e58e420a.js:0
[    1327ms] [LOG] [use-translation] Final translation source: install_app value: Install the app from dict: true @ https://www.nevumo.com/_next/static/chunks/69e85712e58e420a.js:0
[    1327ms] [LOG] [use-translation] Final translation source: share_page value: Share from dict: true @ https://www.nevumo.com/_next/static/chunks/69e85712e58e420a.js:0
[    1327ms] [LOG] [use-translation] Final translation source: privacy_policy_link value: Privacy Policy from dict: true @ https://www.nevumo.com/_next/static/chunks/69e85712e58e420a.js:0
[    1327ms] [LOG] [use-translation] Final translation source: cookies_link value: Cookie Policy from dict: true @ https://www.nevumo.com/_next/static/chunks/69e85712e58e420a.js:0
[    1327ms] [LOG] [use-translation] Final translation source: terms_link value: Terms & Conditions from dict: true @ https://www.nevumo.com/_next/static/chunks/69e85712e58e420a.js:0
[    1327ms] [LOG] [use-translation] Final translation source: provider_terms_link value: Terms for Providers from dict: true @ https://www.nevumo.com/_next/static/chunks/69e85712e58e420a.js:0
[    1328ms] [LOG] [use-translation] Final translation source: withdrawal_link value: Withdrawal Form from dict: true @ https://www.nevumo.com/_next/static/chunks/69e85712e58e420a.js:0
[    1328ms] [LOG] [use-translation] Final translation source: contact_dsa_link value: DSA Contact Point from dict: true @ https://www.nevumo.com/_next/static/chunks/69e85712e58e420a.js:0
[    1328ms] [LOG] [use-translation] Final translation source: cookie_settings_link value: Cookie Settings from dict: true @ https://www.nevumo.com/_next/static/chunks/69e85712e58e420a.js:0
[    1339ms] [LOG] [use-translation] Final translation source: install_app value: Install the app from dict: true @ https://www.nevumo.com/_next/static/chunks/69e85712e58e420a.js:0
[    1339ms] [LOG] [use-translation] Final translation source: share_page value: Share from dict: true @ https://www.nevumo.com/_next/static/chunks/69e85712e58e420a.js:0
[    1339ms] [LOG] [use-translation] Final translation source: privacy_policy_link value: Privacy Policy from dict: true @ https://www.nevumo.com/_next/static/chunks/69e85712e58e420a.js:0
[    1339ms] [LOG] [use-translation] Final translation source: cookies_link value: Cookie Policy from dict: true @ https://www.nevumo.com/_next/static/chunks/69e85712e58e420a.js:0
[    1339ms] [LOG] [use-translation] Final translation source: terms_link value: Terms & Conditions from dict: true @ https://www.nevumo.com/_next/static/chunks/69e85712e58e420a.js:0
[    1339ms] [LOG] [use-translation] Final translation source: provider_terms_link value: Terms for Providers from dict: true @ https://www.nevumo.com/_next/static/chunks/69e85712e58e420a.js:0
[    1339ms] [LOG] [use-translation] Final translation source: withdrawal_link value: Withdrawal Form from dict: true @ https://www.nevumo.com/_next/static/chunks/69e85712e58e420a.js:0
[    1339ms] [LOG] [use-translation] Final translation source: contact_dsa_link value: DSA Contact Point from dict: true @ https://www.nevumo.com/_next/static/chunks/69e85712e58e420a.js:0
[    1339ms] [LOG] [use-translation] Final translation source: cookie_settings_link value: Cookie Settings from dict: true @ https://www.nevumo.com/_next/static/chunks/69e85712e58e420a.js:0
[    1351ms] [LOG] [AuthPage] authDict keys: [claim_headline, claim_subtitle, claim_cta_btn, quick_login_label, google_btn, facebook_btn, or_with_email, continue_btn, page_title, meta_description, hero_title_client, hero_subtitle_client, hero_title_provider, back_btn, register_subtitle, forgot_password_link, login_btn, forgot_title, forgot_subtitle, forgot_send_btn, password_placeholder_register, password_placeholder_login, forgot_sent_btn, forgot_check_email, checking_btn, logging_in_btn, registering_btn, sending_btn, error_wrong_password, error_generic, error_rate_limit, error_account_disabled, error_email_exists, register_success, coming_soon, oauth_terms_title, oauth_terms_subtitle, oauth_continue_google, oauth_error_generic, terms_link, oauth_error, dismiss_button, terms_accept_prefix, terms_provider_link, terms_and, privacy_link, modal_title_terms, modal_title_terms_provider, modal_title_privacy, select_role_title, select_role_subtitle, select_role_client_title, select_role_client_subtitle, select_role_provider_title, select_role_provider_subtitle] @ https://www.nevumo.com/_next/static/chunks/c735c10bc8e39c87.js:0
[    1352ms] [LOG] [AuthPage] authDict sample: {claim_headline: Claim your profile on Nevumo, claim_subtitle: Register for free and manage your clients, claim_cta_btn: Claim profile, quick_login_label: Quick login without password, google_btn: Sign in with Google} @ https://www.nevumo.com/_next/static/chunks/c735c10bc8e39c87.js:0
[    1353ms] [LOG] [AuthPage] authDict keys: [claim_headline, claim_subtitle, claim_cta_btn, quick_login_label, google_btn, facebook_btn, or_with_email, continue_btn, page_title, meta_description, hero_title_client, hero_subtitle_client, hero_title_provider, back_btn, register_subtitle, forgot_password_link, login_btn, forgot_title, forgot_subtitle, forgot_send_btn, password_placeholder_register, password_placeholder_login, forgot_sent_btn, forgot_check_email, checking_btn, logging_in_btn, registering_btn, sending_btn, error_wrong_password, error_generic, error_rate_limit, error_account_disabled, error_email_exists, register_success, coming_soon, oauth_terms_title, oauth_terms_subtitle, oauth_continue_google, oauth_error_generic, terms_link, oauth_error, dismiss_button, terms_accept_prefix, terms_provider_link, terms_and, privacy_link, modal_title_terms, modal_title_terms_provider, modal_title_privacy, select_role_title, select_role_subtitle, select_role_client_title, select_role_client_subtitle, select_role_provider_title, select_role_provider_subtitle] @ https://www.nevumo.com/_next/static/chunks/c735c10bc8e39c87.js:0
[    1354ms] [LOG] [AuthPage] authDict sample: {claim_headline: Claim your profile on Nevumo, claim_subtitle: Register for free and manage your clients, claim_cta_btn: Claim profile, quick_login_label: Quick login without password, google_btn: Sign in with Google} @ https://www.nevumo.com/_next/static/chunks/c735c10bc8e39c87.js:0
[    1355ms] [LOG] [use-translation] Final translation source: install_app value: Install the app from dict: true @ https://www.nevumo.com/_next/static/chunks/69e85712e58e420a.js:0
[    1355ms] [LOG] [use-translation] Final translation source: share_page value: Share from dict: true @ https://www.nevumo.com/_next/static/chunks/69e85712e58e420a.js:0
[    1355ms] [LOG] [use-translation] Final translation source: privacy_policy_link value: Privacy Policy from dict: true @ https://www.nevumo.com/_next/static/chunks/69e85712e58e420a.js:0
[    1355ms] [LOG] [use-translation] Final translation source: cookies_link value: Cookie Policy from dict: true @ https://www.nevumo.com/_next/static/chunks/69e85712e58e420a.js:0
[    1355ms] [LOG] [use-translation] Final translation source: terms_link value: Terms & Conditions from dict: true @ https://www.nevumo.com/_next/static/chunks/69e85712e58e420a.js:0
[    1355ms] [LOG] [use-translation] Final translation source: provider_terms_link value: Terms for Providers from dict: true @ https://www.nevumo.com/_next/static/chunks/69e85712e58e420a.js:0
[    1355ms] [LOG] [use-translation] Final translation source: withdrawal_link value: Withdrawal Form from dict: true @ https://www.nevumo.com/_next/static/chunks/69e85712e58e420a.js:0
[    1355ms] [LOG] [use-translation] Final translation source: contact_dsa_link value: DSA Contact Point from dict: true @ https://www.nevumo.com/_next/static/chunks/69e85712e58e420a.js:0
[    1356ms] [LOG] [use-translation] Final translation source: cookie_settings_link value: Cookie Settings from dict: true @ https://www.nevumo.com/_next/static/chunks/69e85712e58e420a.js:0
[    1356ms] [LOG] [AuthPage] authDict keys: [claim_headline, claim_subtitle, claim_cta_btn, quick_login_label, google_btn, facebook_btn, or_with_email, continue_btn, page_title, meta_description, hero_title_client, hero_subtitle_client, hero_title_provider, back_btn, register_subtitle, forgot_password_link, login_btn, forgot_title, forgot_subtitle, forgot_send_btn, password_placeholder_register, password_placeholder_login, forgot_sent_btn, forgot_check_email, checking_btn, logging_in_btn, registering_btn, sending_btn, error_wrong_password, error_generic, error_rate_limit, error_account_disabled, error_email_exists, register_success, coming_soon, oauth_terms_title, oauth_terms_subtitle, oauth_continue_google, oauth_error_generic, terms_link, oauth_error, dismiss_button, terms_accept_prefix, terms_provider_link, terms_and, privacy_link, modal_title_terms, modal_title_terms_provider, modal_title_privacy, select_role_title, select_role_subtitle, select_role_client_title, select_role_client_subtitle, select_role_provider_title, select_role_provider_subtitle] @ https://www.nevumo.com/_next/static/chunks/c735c10bc8e39c87.js:0
[    1357ms] [LOG] [AuthPage] authDict sample: {claim_headline: Claim your profile on Nevumo, claim_subtitle: Register for free and manage your clients, claim_cta_btn: Claim profile, quick_login_label: Quick login without password, google_btn: Sign in with Google} @ https://www.nevumo.com/_next/static/chunks/c735c10bc8e39c87.js:0
[    1446ms] [LOG] [use-translation] Final translation source: install_app value: Install the app from dict: true @ https://www.nevumo.com/_next/static/chunks/69e85712e58e420a.js:0
[    1446ms] [LOG] [use-translation] Final translation source: share_page value: Share from dict: true @ https://www.nevumo.com/_next/static/chunks/69e85712e58e420a.js:0
[    1446ms] [LOG] [use-translation] Final translation source: privacy_policy_link value: Privacy Policy from dict: true @ https://www.nevumo.com/_next/static/chunks/69e85712e58e420a.js:0
[    1446ms] [LOG] [use-translation] Final translation source: cookies_link value: Cookie Policy from dict: true @ https://www.nevumo.com/_next/static/chunks/69e85712e58e420a.js:0
[    1446ms] [LOG] [use-translation] Final translation source: terms_link value: Terms & Conditions from dict: true @ https://www.nevumo.com/_next/static/chunks/69e85712e58e420a.js:0
[    1446ms] [LOG] [use-translation] Final translation source: provider_terms_link value: Terms for Providers from dict: true @ https://www.nevumo.com/_next/static/chunks/69e85712e58e420a.js:0
[    1446ms] [LOG] [use-translation] Final translation source: withdrawal_link value: Withdrawal Form from dict: true @ https://www.nevumo.com/_next/static/chunks/69e85712e58e420a.js:0
[    1447ms] [LOG] [use-translation] Final translation source: contact_dsa_link value: DSA Contact Point from dict: true @ https://www.nevumo.com/_next/static/chunks/69e85712e58e420a.js:0
[    1447ms] [LOG] [use-translation] Final translation source: cookie_settings_link value: Cookie Settings from dict: true @ https://www.nevumo.com/_next/static/chunks/69e85712e58e420a.js:0
[   30097ms] [LOG] [AuthPage] authDict keys: [claim_headline, claim_subtitle, claim_cta_btn, quick_login_label, google_btn, facebook_btn, or_with_email, continue_btn, page_title, meta_description, hero_title_client, hero_subtitle_client, hero_title_provider, back_btn, register_subtitle, forgot_password_link, login_btn, forgot_title, forgot_subtitle, forgot_send_btn, password_placeholder_register, password_placeholder_login, forgot_sent_btn, forgot_check_email, checking_btn, logging_in_btn, registering_btn, sending_btn, error_wrong_password, error_generic, error_rate_limit, error_account_disabled, error_email_exists, register_success, coming_soon, oauth_terms_title, oauth_terms_subtitle, oauth_continue_google, oauth_error_generic, terms_link, oauth_error, dismiss_button, terms_accept_prefix, terms_provider_link, terms_and, privacy_link, modal_title_terms, modal_title_terms_provider, modal_title_privacy, select_role_title, select_role_subtitle, select_role_client_title, select_role_client_subtitle, select_role_provider_title, select_role_provider_subtitle] @ https://www.nevumo.com/_next/static/chunks/c735c10bc8e39c87.js:0
[   30097ms] [LOG] [AuthPage] authDict sample: {claim_headline: Claim your profile on Nevumo, claim_subtitle: Register for free and manage your clients, claim_cta_btn: Claim profile, quick_login_label: Quick login without password, google_btn: Sign in with Google} @ https://www.nevumo.com/_next/static/chunks/c735c10bc8e39c87.js:0
[   30235ms] [LOG] [AuthPage] authDict keys: [claim_headline, claim_subtitle, claim_cta_btn, quick_login_label, google_btn, facebook_btn, or_with_email, continue_btn, page_title, meta_description, hero_title_client, hero_subtitle_client, hero_title_provider, back_btn, register_subtitle, forgot_password_link, login_btn, forgot_title, forgot_subtitle, forgot_send_btn, password_placeholder_register, password_placeholder_login, forgot_sent_btn, forgot_check_email, checking_btn, logging_in_btn, registering_btn, sending_btn, error_wrong_password, error_generic, error_rate_limit, error_account_disabled, error_email_exists, register_success, coming_soon, oauth_terms_title, oauth_terms_subtitle, oauth_continue_google, oauth_error_generic, terms_link, oauth_error, dismiss_button, terms_accept_prefix, terms_provider_link, terms_and, privacy_link, modal_title_terms, modal_title_terms_provider, modal_title_privacy, select_role_title, select_role_subtitle, select_role_client_title, select_role_client_subtitle, select_role_provider_title, select_role_provider_subtitle] @ https://www.nevumo.com/_next/static/chunks/c735c10bc8e39c87.js:0
[   30235ms] [LOG] [AuthPage] authDict sample: {claim_headline: Claim your profile on Nevumo, claim_subtitle: Register for free and manage your clients, claim_cta_btn: Claim profile, quick_login_label: Quick login without password, google_btn: Sign in with Google} @ https://www.nevumo.com/_next/static/chunks/c735c10bc8e39c87.js:0
[   30238ms] [LOG] [AuthPage] authDict keys: [claim_headline, claim_subtitle, claim_cta_btn, quick_login_label, google_btn, facebook_btn, or_with_email, continue_btn, page_title, meta_description, hero_title_client, hero_subtitle_client, hero_title_provider, back_btn, register_subtitle, forgot_password_link, login_btn, forgot_title, forgot_subtitle, forgot_send_btn, password_placeholder_register, password_placeholder_login, forgot_sent_btn, forgot_check_email, checking_btn, logging_in_btn, registering_btn, sending_btn, error_wrong_password, error_generic, error_rate_limit, error_account_disabled, error_email_exists, register_success, coming_soon, oauth_terms_title, oauth_terms_subtitle, oauth_continue_google, oauth_error_generic, terms_link, oauth_error, dismiss_button, terms_accept_prefix, terms_provider_link, terms_and, privacy_link, modal_title_terms, modal_title_terms_provider, modal_title_privacy, select_role_title, select_role_subtitle, select_role_client_title, select_role_client_subtitle, select_role_provider_title, select_role_provider_subtitle] @ https://www.nevumo.com/_next/static/chunks/c735c10bc8e39c87.js:0
[   30238ms] [LOG] [AuthPage] authDict sample: {claim_headline: Claim your profile on Nevumo, claim_subtitle: Register for free and manage your clients, claim_cta_btn: Claim profile, quick_login_label: Quick login without password, google_btn: Sign in with Google} @ https://www.nevumo.com/_next/static/chunks/c735c10bc8e39c87.js:0
[   39259ms] [LOG] [AuthPage] authDict keys: [claim_headline, claim_subtitle, claim_cta_btn, quick_login_label, google_btn, facebook_btn, or_with_email, continue_btn, page_title, meta_description, hero_title_client, hero_subtitle_client, hero_title_provider, back_btn, register_subtitle, forgot_password_link, login_btn, forgot_title, forgot_subtitle, forgot_send_btn, password_placeholder_register, password_placeholder_login, forgot_sent_btn, forgot_check_email, checking_btn, logging_in_btn, registering_btn, sending_btn, error_wrong_password, error_generic, error_rate_limit, error_account_disabled, error_email_exists, register_success, coming_soon, oauth_terms_title, oauth_terms_subtitle, oauth_continue_google, oauth_error_generic, terms_link, oauth_error, dismiss_button, terms_accept_prefix, terms_provider_link, terms_and, privacy_link, modal_title_terms, modal_title_terms_provider, modal_title_privacy, select_role_title, select_role_subtitle, select_role_client_title, select_role_client_subtitle, select_role_provider_title, select_role_provider_subtitle] @ https://www.nevumo.com/_next/static/chunks/c735c10bc8e39c87.js:0
[   39260ms] [LOG] [AuthPage] authDict sample: {claim_headline: Claim your profile on Nevumo, claim_subtitle: Register for free and manage your clients, claim_cta_btn: Claim profile, quick_login_label: Quick login without password, google_btn: Sign in with Google} @ https://www.nevumo.com/_next/static/chunks/c735c10bc8e39c87.js:0
[   39272ms] [LOG] [AuthPage] authDict keys: [claim_headline, claim_subtitle, claim_cta_btn, quick_login_label, google_btn, facebook_btn, or_with_email, continue_btn, page_title, meta_description, hero_title_client, hero_subtitle_client, hero_title_provider, back_btn, register_subtitle, forgot_password_link, login_btn, forgot_title, forgot_subtitle, forgot_send_btn, password_placeholder_register, password_placeholder_login, forgot_sent_btn, forgot_check_email, checking_btn, logging_in_btn, registering_btn, sending_btn, error_wrong_password, error_generic, error_rate_limit, error_account_disabled, error_email_exists, register_success, coming_soon, oauth_terms_title, oauth_terms_subtitle, oauth_continue_google, oauth_error_generic, terms_link, oauth_error, dismiss_button, terms_accept_prefix, terms_provider_link, terms_and, privacy_link, modal_title_terms, modal_title_terms_provider, modal_title_privacy, select_role_title, select_role_subtitle, select_role_client_title, select_role_client_subtitle, select_role_provider_title, select_role_provider_subtitle] @ https://www.nevumo.com/_next/static/chunks/c735c10bc8e39c87.js:0
[   39272ms] [LOG] [AuthPage] authDict sample: {claim_headline: Claim your profile on Nevumo, claim_subtitle: Register for free and manage your clients, claim_cta_btn: Claim profile, quick_login_label: Quick login without password, google_btn: Sign in with Google} @ https://www.nevumo.com/_next/static/chunks/c735c10bc8e39c87.js:0
