[    4013ms] [LOG] [use-translation] Final translation source: cookie_title value: We value your privacy from dict: false @ https://www.nevumo.com/_next/static/chunks/69e85712e58e420a.js:0
[    4014ms] [LOG] [use-translation] Final translation source: cookie_description value: We use cookies and similar technologies to improve your experience. from dict: false @ https://www.nevumo.com/_next/static/chunks/69e85712e58e420a.js:0
[    4014ms] [LOG] [use-translation] Final translation source: cookie_privacy_link value: Privacy Policy from dict: false @ https://www.nevumo.com/_next/static/chunks/69e85712e58e420a.js:0
[    4014ms] [LOG] [use-translation] Final translation source: customize value: Customize from dict: false @ https://www.nevumo.com/_next/static/chunks/69e85712e58e420a.js:0
[    4014ms] [LOG] [use-translation] Final translation source: reject_all value: Reject All from dict: false @ https://www.nevumo.com/_next/static/chunks/69e85712e58e420a.js:0
[    4015ms] [LOG] [use-translation] Final translation source: accept_all value: Accept All from dict: false @ https://www.nevumo.com/_next/static/chunks/69e85712e58e420a.js:0
[    4130ms] [LOG] [use-translation] Final translation source: install_app value: Install the app from dict: false @ https://www.nevumo.com/_next/static/chunks/69e85712e58e420a.js:0
[    4131ms] [LOG] [use-translation] Final translation source: share_page value: Share from dict: false @ https://www.nevumo.com/_next/static/chunks/69e85712e58e420a.js:0
[    4131ms] [LOG] [use-translation] Final translation source: privacy_policy_link value: Privacy Policy from dict: false @ https://www.nevumo.com/_next/static/chunks/69e85712e58e420a.js:0
[    4131ms] [LOG] [use-translation] Final translation source: cookies_link value: Cookie Policy from dict: false @ https://www.nevumo.com/_next/static/chunks/69e85712e58e420a.js:0
[    4131ms] [LOG] [use-translation] Final translation source: terms_link value: Terms & Conditions from dict: false @ https://www.nevumo.com/_next/static/chunks/69e85712e58e420a.js:0
[    4131ms] [LOG] [use-translation] Final translation source: provider_terms_link value: Terms for Providers from dict: false @ https://www.nevumo.com/_next/static/chunks/69e85712e58e420a.js:0
[    4132ms] [LOG] [use-translation] Final translation source: withdrawal_link value: Withdrawal Form from dict: false @ https://www.nevumo.com/_next/static/chunks/69e85712e58e420a.js:0
[    4132ms] [LOG] [use-translation] Final translation source: contact_dsa_link value: DSA Contact Point from dict: false @ https://www.nevumo.com/_next/static/chunks/69e85712e58e420a.js:0
[    4139ms] [LOG] [use-translation] Final translation source: cookie_settings_link value: Cookie Settings from dict: false @ https://www.nevumo.com/_next/static/chunks/69e85712e58e420a.js:0
[    4195ms] [LOG] [use-translation] Final translation source: cookie_title value: We use cookies from dict: true @ https://www.nevumo.com/_next/static/chunks/69e85712e58e420a.js:0
[    4196ms] [LOG] [use-translation] Final translation source: cookie_description value: We use cookies and similar technologies to improve your experience, analyse traffic and show relevant content. You can choose which categories to allow. from dict: true @ https://www.nevumo.com/_next/static/chunks/69e85712e58e420a.js:0
[    4196ms] [LOG] [use-translation] Final translation source: cookie_privacy_link value: Privacy Policy from dict: true @ https://www.nevumo.com/_next/static/chunks/69e85712e58e420a.js:0
[    4196ms] [LOG] [use-translation] Final translation source: customize value: Customize from dict: true @ https://www.nevumo.com/_next/static/chunks/69e85712e58e420a.js:0
[    4196ms] [LOG] [use-translation] Final translation source: reject_all value: Reject All from dict: true @ https://www.nevumo.com/_next/static/chunks/69e85712e58e420a.js:0
[    4196ms] [LOG] [use-translation] Final translation source: accept_all value: Accept All from dict: true @ https://www.nevumo.com/_next/static/chunks/69e85712e58e420a.js:0
[    4285ms] [INFO] Banner not shown: beforeinstallpromptevent.preventDefault() called. The page must call beforeinstallpromptevent.prompt() to show the banner. @ https://www.nevumo.com/en/pwa-start:0
[    4326ms] [LOG] [use-translation] Final translation source: cookie_settings_link value: Cookie Settings from dict: true @ https://www.nevumo.com/_next/static/chunks/69e85712e58e420a.js:0
[    4327ms] [LOG] [use-translation] Final translation source: cookie_settings_link value: Cookie Settings from dict: true @ https://www.nevumo.com/_next/static/chunks/69e85712e58e420a.js:0
[    4396ms] [LOG] [use-translation] Final translation source: install_app value: Install the app from dict: false @ https://www.nevumo.com/_next/static/chunks/69e85712e58e420a.js:0
[    4396ms] [LOG] [use-translation] Final translation source: share_page value: Share from dict: false @ https://www.nevumo.com/_next/static/chunks/69e85712e58e420a.js:0
[    4397ms] [LOG] [use-translation] Final translation source: privacy_policy_link value: Privacy Policy from dict: false @ https://www.nevumo.com/_next/static/chunks/69e85712e58e420a.js:0
[    4397ms] [LOG] [use-translation] Final translation source: cookies_link value: Cookie Policy from dict: false @ https://www.nevumo.com/_next/static/chunks/69e85712e58e420a.js:0
[    4397ms] [LOG] [use-translation] Final translation source: terms_link value: Terms & Conditions from dict: false @ https://www.nevumo.com/_next/static/chunks/69e85712e58e420a.js:0
[    4397ms] [LOG] [use-translation] Final translation source: provider_terms_link value: Terms for Providers from dict: false @ https://www.nevumo.com/_next/static/chunks/69e85712e58e420a.js:0
[    4397ms] [LOG] [use-translation] Final translation source: withdrawal_link value: Withdrawal Form from dict: false @ https://www.nevumo.com/_next/static/chunks/69e85712e58e420a.js:0
[    4398ms] [LOG] [use-translation] Final translation source: contact_dsa_link value: DSA Contact Point from dict: false @ https://www.nevumo.com/_next/static/chunks/69e85712e58e420a.js:0
[    4398ms] [LOG] [use-translation] Final translation source: cookie_settings_link value: Cookie Settings from dict: true @ https://www.nevumo.com/_next/static/chunks/69e85712e58e420a.js:0
[    4412ms] [LOG] [use-translation] Final translation source: install_app value: Install the app from dict: false @ https://www.nevumo.com/_next/static/chunks/69e85712e58e420a.js:0
[    4413ms] [LOG] [use-translation] Final translation source: share_page value: Share from dict: false @ https://www.nevumo.com/_next/static/chunks/69e85712e58e420a.js:0
[    4413ms] [LOG] [use-translation] Final translation source: privacy_policy_link value: Privacy Policy from dict: false @ https://www.nevumo.com/_next/static/chunks/69e85712e58e420a.js:0
[    4413ms] [LOG] [use-translation] Final translation source: cookies_link value: Cookie Policy from dict: false @ https://www.nevumo.com/_next/static/chunks/69e85712e58e420a.js:0
[    4413ms] [LOG] [use-translation] Final translation source: terms_link value: Terms & Conditions from dict: false @ https://www.nevumo.com/_next/static/chunks/69e85712e58e420a.js:0
[    4413ms] [LOG] [use-translation] Final translation source: provider_terms_link value: Terms for Providers from dict: false @ https://www.nevumo.com/_next/static/chunks/69e85712e58e420a.js:0
[    4413ms] [LOG] [use-translation] Final translation source: withdrawal_link value: Withdrawal Form from dict: false @ https://www.nevumo.com/_next/static/chunks/69e85712e58e420a.js:0
[    4413ms] [LOG] [use-translation] Final translation source: contact_dsa_link value: DSA Contact Point from dict: false @ https://www.nevumo.com/_next/static/chunks/69e85712e58e420a.js:0
[    4414ms] [LOG] [use-translation] Final translation source: cookie_settings_link value: Cookie Settings from dict: true @ https://www.nevumo.com/_next/static/chunks/69e85712e58e420a.js:0
[    4460ms] [LOG] [use-translation] Final translation source: install_app value: Install the app from dict: true @ https://www.nevumo.com/_next/static/chunks/69e85712e58e420a.js:0
[    4460ms] [LOG] [use-translation] Final translation source: share_page value: Share from dict: true @ https://www.nevumo.com/_next/static/chunks/69e85712e58e420a.js:0
[    4461ms] [LOG] [use-translation] Final translation source: privacy_policy_link value: Privacy Policy from dict: true @ https://www.nevumo.com/_next/static/chunks/69e85712e58e420a.js:0
[    4461ms] [LOG] [use-translation] Final translation source: cookies_link value: Cookie Policy from dict: true @ https://www.nevumo.com/_next/static/chunks/69e85712e58e420a.js:0
[    4461ms] [LOG] [use-translation] Final translation source: terms_link value: Terms & Conditions from dict: true @ https://www.nevumo.com/_next/static/chunks/69e85712e58e420a.js:0
[    4462ms] [LOG] [use-translation] Final translation source: provider_terms_link value: Terms for Providers from dict: true @ https://www.nevumo.com/_next/static/chunks/69e85712e58e420a.js:0
[    4462ms] [LOG] [use-translation] Final translation source: withdrawal_link value: Withdrawal Form from dict: true @ https://www.nevumo.com/_next/static/chunks/69e85712e58e420a.js:0
[    4462ms] [LOG] [use-translation] Final translation source: contact_dsa_link value: DSA Contact Point from dict: true @ https://www.nevumo.com/_next/static/chunks/69e85712e58e420a.js:0
[    4464ms] [LOG] [use-translation] Final translation source: cookie_settings_link value: Cookie Settings from dict: true @ https://www.nevumo.com/_next/static/chunks/69e85712e58e420a.js:0
[    4474ms] [LOG] [use-translation] Final translation source: install_app value: Install the app from dict: true @ https://www.nevumo.com/_next/static/chunks/69e85712e58e420a.js:0
[    4474ms] [LOG] [use-translation] Final translation source: share_page value: Share from dict: true @ https://www.nevumo.com/_next/static/chunks/69e85712e58e420a.js:0
[    4475ms] [LOG] [use-translation] Final translation source: privacy_policy_link value: Privacy Policy from dict: true @ https://www.nevumo.com/_next/static/chunks/69e85712e58e420a.js:0
[    4475ms] [LOG] [use-translation] Final translation source: cookies_link value: Cookie Policy from dict: true @ https://www.nevumo.com/_next/static/chunks/69e85712e58e420a.js:0
[    4475ms] [LOG] [use-translation] Final translation source: terms_link value: Terms & Conditions from dict: true @ https://www.nevumo.com/_next/static/chunks/69e85712e58e420a.js:0
[    4475ms] [LOG] [use-translation] Final translation source: provider_terms_link value: Terms for Providers from dict: true @ https://www.nevumo.com/_next/static/chunks/69e85712e58e420a.js:0
[    4476ms] [LOG] [use-translation] Final translation source: withdrawal_link value: Withdrawal Form from dict: true @ https://www.nevumo.com/_next/static/chunks/69e85712e58e420a.js:0
[    4476ms] [LOG] [use-translation] Final translation source: contact_dsa_link value: DSA Contact Point from dict: true @ https://www.nevumo.com/_next/static/chunks/69e85712e58e420a.js:0
[    4476ms] [LOG] [use-translation] Final translation source: cookie_settings_link value: Cookie Settings from dict: true @ https://www.nevumo.com/_next/static/chunks/69e85712e58e420a.js:0
[    4477ms] [LOG] [use-translation] Final translation source: install_app value: Install the app from dict: true @ https://www.nevumo.com/_next/static/chunks/69e85712e58e420a.js:0
[    4477ms] [LOG] [use-translation] Final translation source: share_page value: Share from dict: true @ https://www.nevumo.com/_next/static/chunks/69e85712e58e420a.js:0
[    4478ms] [LOG] [use-translation] Final translation source: privacy_policy_link value: Privacy Policy from dict: true @ https://www.nevumo.com/_next/static/chunks/69e85712e58e420a.js:0
[    4478ms] [LOG] [use-translation] Final translation source: cookies_link value: Cookie Policy from dict: true @ https://www.nevumo.com/_next/static/chunks/69e85712e58e420a.js:0
[    4478ms] [LOG] [use-translation] Final translation source: terms_link value: Terms & Conditions from dict: true @ https://www.nevumo.com/_next/static/chunks/69e85712e58e420a.js:0
[    4478ms] [LOG] [use-translation] Final translation source: provider_terms_link value: Terms for Providers from dict: true @ https://www.nevumo.com/_next/static/chunks/69e85712e58e420a.js:0
[    4478ms] [LOG] [use-translation] Final translation source: withdrawal_link value: Withdrawal Form from dict: true @ https://www.nevumo.com/_next/static/chunks/69e85712e58e420a.js:0
[    4479ms] [LOG] [use-translation] Final translation source: contact_dsa_link value: DSA Contact Point from dict: true @ https://www.nevumo.com/_next/static/chunks/69e85712e58e420a.js:0
[    4479ms] [LOG] [use-translation] Final translation source: cookie_settings_link value: Cookie Settings from dict: true @ https://www.nevumo.com/_next/static/chunks/69e85712e58e420a.js:0
[    4502ms] [LOG] [use-translation] Final translation source: install_app value: Install the app from dict: true @ https://www.nevumo.com/_next/static/chunks/69e85712e58e420a.js:0
[    4502ms] [LOG] [use-translation] Final translation source: share_page value: Share from dict: true @ https://www.nevumo.com/_next/static/chunks/69e85712e58e420a.js:0
[    4502ms] [LOG] [use-translation] Final translation source: privacy_policy_link value: Privacy Policy from dict: true @ https://www.nevumo.com/_next/static/chunks/69e85712e58e420a.js:0
[    4502ms] [LOG] [use-translation] Final translation source: cookies_link value: Cookie Policy from dict: true @ https://www.nevumo.com/_next/static/chunks/69e85712e58e420a.js:0
[    4502ms] [LOG] [use-translation] Final translation source: terms_link value: Terms & Conditions from dict: true @ https://www.nevumo.com/_next/static/chunks/69e85712e58e420a.js:0
[    4502ms] [LOG] [use-translation] Final translation source: provider_terms_link value: Terms for Providers from dict: true @ https://www.nevumo.com/_next/static/chunks/69e85712e58e420a.js:0
[    4503ms] [LOG] [use-translation] Final translation source: withdrawal_link value: Withdrawal Form from dict: true @ https://www.nevumo.com/_next/static/chunks/69e85712e58e420a.js:0
[    4503ms] [LOG] [use-translation] Final translation source: contact_dsa_link value: DSA Contact Point from dict: true @ https://www.nevumo.com/_next/static/chunks/69e85712e58e420a.js:0
[    4510ms] [LOG] [use-translation] Final translation source: install_app value: Install the app from dict: true @ https://www.nevumo.com/_next/static/chunks/69e85712e58e420a.js:0
[    4510ms] [LOG] [use-translation] Final translation source: share_page value: Share from dict: true @ https://www.nevumo.com/_next/static/chunks/69e85712e58e420a.js:0
[    4510ms] [LOG] [use-translation] Final translation source: privacy_policy_link value: Privacy Policy from dict: true @ https://www.nevumo.com/_next/static/chunks/69e85712e58e420a.js:0
[    4510ms] [LOG] [use-translation] Final translation source: cookies_link value: Cookie Policy from dict: true @ https://www.nevumo.com/_next/static/chunks/69e85712e58e420a.js:0
[    4511ms] [LOG] [use-translation] Final translation source: terms_link value: Terms & Conditions from dict: true @ https://www.nevumo.com/_next/static/chunks/69e85712e58e420a.js:0
[    4511ms] [LOG] [use-translation] Final translation source: provider_terms_link value: Terms for Providers from dict: true @ https://www.nevumo.com/_next/static/chunks/69e85712e58e420a.js:0
[    4511ms] [LOG] [use-translation] Final translation source: withdrawal_link value: Withdrawal Form from dict: true @ https://www.nevumo.com/_next/static/chunks/69e85712e58e420a.js:0
[    4511ms] [LOG] [use-translation] Final translation source: contact_dsa_link value: DSA Contact Point from dict: true @ https://www.nevumo.com/_next/static/chunks/69e85712e58e420a.js:0
[    4512ms] [LOG] [use-translation] Final translation source: cookie_settings_link value: Cookie Settings from dict: true @ https://www.nevumo.com/_next/static/chunks/69e85712e58e420a.js:0
[    4839ms] [LOG] [use-translation] Final translation source: install_app value: Install the app from dict: true @ https://www.nevumo.com/_next/static/chunks/69e85712e58e420a.js:0
[    4839ms] [LOG] [use-translation] Final translation source: share_page value: Share from dict: true @ https://www.nevumo.com/_next/static/chunks/69e85712e58e420a.js:0
[    4839ms] [LOG] [use-translation] Final translation source: privacy_policy_link value: Privacy Policy from dict: true @ https://www.nevumo.com/_next/static/chunks/69e85712e58e420a.js:0
[    4839ms] [LOG] [use-translation] Final translation source: cookies_link value: Cookie Policy from dict: true @ https://www.nevumo.com/_next/static/chunks/69e85712e58e420a.js:0
[    4840ms] [LOG] [use-translation] Final translation source: terms_link value: Terms & Conditions from dict: true @ https://www.nevumo.com/_next/static/chunks/69e85712e58e420a.js:0
[    4840ms] [LOG] [use-translation] Final translation source: provider_terms_link value: Terms for Providers from dict: true @ https://www.nevumo.com/_next/static/chunks/69e85712e58e420a.js:0
[    4840ms] [LOG] [use-translation] Final translation source: withdrawal_link value: Withdrawal Form from dict: true @ https://www.nevumo.com/_next/static/chunks/69e85712e58e420a.js:0
[    4840ms] [LOG] [use-translation] Final translation source: contact_dsa_link value: DSA Contact Point from dict: true @ https://www.nevumo.com/_next/static/chunks/69e85712e58e420a.js:0
[    4840ms] [LOG] [use-translation] Final translation source: cookie_settings_link value: Cookie Settings from dict: true @ https://www.nevumo.com/_next/static/chunks/69e85712e58e420a.js:0
