[     508ms] [LOG] [use-translation] Final translation source: cookie_title value: We value your privacy from dict: false @ https://www.nevumo.com/_next/static/chunks/69e85712e58e420a.js:0
[     508ms] [LOG] [use-translation] Final translation source: cookie_description value: We use cookies and similar technologies to improve your experience. from dict: false @ https://www.nevumo.com/_next/static/chunks/69e85712e58e420a.js:0
[     508ms] [LOG] [use-translation] Final translation source: cookie_privacy_link value: Privacy Policy from dict: false @ https://www.nevumo.com/_next/static/chunks/69e85712e58e420a.js:0
[     508ms] [LOG] [use-translation] Final translation source: customize value: Customize from dict: false @ https://www.nevumo.com/_next/static/chunks/69e85712e58e420a.js:0
[     508ms] [LOG] [use-translation] Final translation source: reject_all value: Reject All from dict: false @ https://www.nevumo.com/_next/static/chunks/69e85712e58e420a.js:0
[     508ms] [LOG] [use-translation] Final translation source: accept_all value: Accept All from dict: false @ https://www.nevumo.com/_next/static/chunks/69e85712e58e420a.js:0
[     653ms] [LOG] [use-translation] Final translation source: cookie_title value: We use cookies from dict: true @ https://www.nevumo.com/_next/static/chunks/69e85712e58e420a.js:0
[     653ms] [LOG] [use-translation] Final translation source: cookie_description value: We use cookies and similar technologies to improve your experience, analyse traffic and show relevant content. You can choose which categories to allow. from dict: true @ https://www.nevumo.com/_next/static/chunks/69e85712e58e420a.js:0
[     653ms] [LOG] [use-translation] Final translation source: cookie_privacy_link value: Privacy Policy from dict: true @ https://www.nevumo.com/_next/static/chunks/69e85712e58e420a.js:0
[     654ms] [LOG] [use-translation] Final translation source: customize value: Customize from dict: true @ https://www.nevumo.com/_next/static/chunks/69e85712e58e420a.js:0
[     654ms] [LOG] [use-translation] Final translation source: reject_all value: Reject All from dict: true @ https://www.nevumo.com/_next/static/chunks/69e85712e58e420a.js:0
[     654ms] [LOG] [use-translation] Final translation source: accept_all value: Accept All from dict: true @ https://www.nevumo.com/_next/static/chunks/69e85712e58e420a.js:0
[    1946ms] [LOG] [use-translation] Final translation source: cookie_title value: We value your privacy from dict: false @ https://www.nevumo.com/_next/static/chunks/69e85712e58e420a.js:0
[    1946ms] [LOG] [use-translation] Final translation source: cookie_description value: We use cookies and similar technologies to improve your experience. from dict: false @ https://www.nevumo.com/_next/static/chunks/69e85712e58e420a.js:0
[    1946ms] [LOG] [use-translation] Final translation source: cookie_privacy_link value: Privacy Policy from dict: false @ https://www.nevumo.com/_next/static/chunks/69e85712e58e420a.js:0
[    1946ms] [LOG] [use-translation] Final translation source: customize value: Customize from dict: false @ https://www.nevumo.com/_next/static/chunks/69e85712e58e420a.js:0
[    1946ms] [LOG] [use-translation] Final translation source: reject_all value: Reject All from dict: false @ https://www.nevumo.com/_next/static/chunks/69e85712e58e420a.js:0
[    1946ms] [LOG] [use-translation] Final translation source: accept_all value: Accept All from dict: false @ https://www.nevumo.com/_next/static/chunks/69e85712e58e420a.js:0
[    1984ms] [LOG] [use-translation] Final translation source: install_app value: Install the app from dict: false @ https://www.nevumo.com/_next/static/chunks/69e85712e58e420a.js:0
[    1984ms] [LOG] [use-translation] Final translation source: share_page value: Share from dict: false @ https://www.nevumo.com/_next/static/chunks/69e85712e58e420a.js:0
[    1984ms] [LOG] [use-translation] Final translation source: privacy_policy_link value: Privacy Policy from dict: false @ https://www.nevumo.com/_next/static/chunks/69e85712e58e420a.js:0
[    1985ms] [LOG] [use-translation] Final translation source: cookies_link value: Cookie Policy from dict: false @ https://www.nevumo.com/_next/static/chunks/69e85712e58e420a.js:0
[    1985ms] [LOG] [use-translation] Final translation source: terms_link value: Terms & Conditions from dict: false @ https://www.nevumo.com/_next/static/chunks/69e85712e58e420a.js:0
[    1985ms] [LOG] [use-translation] Final translation source: provider_terms_link value: Terms for Providers from dict: false @ https://www.nevumo.com/_next/static/chunks/69e85712e58e420a.js:0
[    1985ms] [LOG] [use-translation] Final translation source: withdrawal_link value: Withdrawal Form from dict: false @ https://www.nevumo.com/_next/static/chunks/69e85712e58e420a.js:0
[    1985ms] [LOG] [use-translation] Final translation source: contact_dsa_link value: DSA Contact Point from dict: false @ https://www.nevumo.com/_next/static/chunks/69e85712e58e420a.js:0
[    1989ms] [LOG] [use-translation] Final translation source: cookie_settings_link value: Cookie Settings from dict: false @ https://www.nevumo.com/_next/static/chunks/69e85712e58e420a.js:0
[    2106ms] [LOG] [use-translation] Final translation source: cookie_title value: We use cookies from dict: true @ https://www.nevumo.com/_next/static/chunks/69e85712e58e420a.js:0
[    2106ms] [LOG] [use-translation] Final translation source: cookie_description value: We use cookies and similar technologies to improve your experience, analyse traffic and show relevant content. You can choose which categories to allow. from dict: true @ https://www.nevumo.com/_next/static/chunks/69e85712e58e420a.js:0
[    2106ms] [LOG] [use-translation] Final translation source: cookie_privacy_link value: Privacy Policy from dict: true @ https://www.nevumo.com/_next/static/chunks/69e85712e58e420a.js:0
[    2106ms] [LOG] [use-translation] Final translation source: customize value: Customize from dict: true @ https://www.nevumo.com/_next/static/chunks/69e85712e58e420a.js:0
[    2106ms] [LOG] [use-translation] Final translation source: reject_all value: Reject All from dict: true @ https://www.nevumo.com/_next/static/chunks/69e85712e58e420a.js:0
[    2106ms] [LOG] [use-translation] Final translation source: accept_all value: Accept All from dict: true @ https://www.nevumo.com/_next/static/chunks/69e85712e58e420a.js:0
[    2150ms] [LOG] [use-translation] Final translation source: install_app value: Install the app from dict: true @ https://www.nevumo.com/_next/static/chunks/69e85712e58e420a.js:0
[    2150ms] [LOG] [use-translation] Final translation source: share_page value: Share from dict: true @ https://www.nevumo.com/_next/static/chunks/69e85712e58e420a.js:0
[    2150ms] [LOG] [use-translation] Final translation source: privacy_policy_link value: Privacy Policy from dict: true @ https://www.nevumo.com/_next/static/chunks/69e85712e58e420a.js:0
[    2150ms] [LOG] [use-translation] Final translation source: cookies_link value: Cookie Policy from dict: true @ https://www.nevumo.com/_next/static/chunks/69e85712e58e420a.js:0
[    2150ms] [LOG] [use-translation] Final translation source: terms_link value: Terms & Conditions from dict: true @ https://www.nevumo.com/_next/static/chunks/69e85712e58e420a.js:0
[    2151ms] [LOG] [use-translation] Final translation source: provider_terms_link value: Terms for Providers from dict: true @ https://www.nevumo.com/_next/static/chunks/69e85712e58e420a.js:0
[    2151ms] [LOG] [use-translation] Final translation source: withdrawal_link value: Withdrawal Form from dict: true @ https://www.nevumo.com/_next/static/chunks/69e85712e58e420a.js:0
[    2151ms] [LOG] [use-translation] Final translation source: contact_dsa_link value: DSA Contact Point from dict: true @ https://www.nevumo.com/_next/static/chunks/69e85712e58e420a.js:0
[    2151ms] [LOG] [use-translation] Final translation source: cookie_settings_link value: Cookie Settings from dict: false @ https://www.nevumo.com/_next/static/chunks/69e85712e58e420a.js:0
[    2167ms] [LOG] [use-translation] Final translation source: install_app value: Install the app from dict: true @ https://www.nevumo.com/_next/static/chunks/69e85712e58e420a.js:0
[    2168ms] [LOG] [use-translation] Final translation source: share_page value: Share from dict: true @ https://www.nevumo.com/_next/static/chunks/69e85712e58e420a.js:0
[    2168ms] [LOG] [use-translation] Final translation source: privacy_policy_link value: Privacy Policy from dict: true @ https://www.nevumo.com/_next/static/chunks/69e85712e58e420a.js:0
[    2168ms] [LOG] [use-translation] Final translation source: cookies_link value: Cookie Policy from dict: true @ https://www.nevumo.com/_next/static/chunks/69e85712e58e420a.js:0
[    2168ms] [LOG] [use-translation] Final translation source: terms_link value: Terms & Conditions from dict: true @ https://www.nevumo.com/_next/static/chunks/69e85712e58e420a.js:0
[    2168ms] [LOG] [use-translation] Final translation source: provider_terms_link value: Terms for Providers from dict: true @ https://www.nevumo.com/_next/static/chunks/69e85712e58e420a.js:0
[    2168ms] [LOG] [use-translation] Final translation source: withdrawal_link value: Withdrawal Form from dict: true @ https://www.nevumo.com/_next/static/chunks/69e85712e58e420a.js:0
[    2168ms] [LOG] [use-translation] Final translation source: contact_dsa_link value: DSA Contact Point from dict: true @ https://www.nevumo.com/_next/static/chunks/69e85712e58e420a.js:0
[    2169ms] [LOG] [use-translation] Final translation source: cookie_settings_link value: Cookie Settings from dict: false @ https://www.nevumo.com/_next/static/chunks/69e85712e58e420a.js:0
[    2172ms] [LOG] [use-translation] Final translation source: install_app value: Install the app from dict: true @ https://www.nevumo.com/_next/static/chunks/69e85712e58e420a.js:0
[    2173ms] [LOG] [use-translation] Final translation source: share_page value: Share from dict: true @ https://www.nevumo.com/_next/static/chunks/69e85712e58e420a.js:0
[    2173ms] [LOG] [use-translation] Final translation source: privacy_policy_link value: Privacy Policy from dict: true @ https://www.nevumo.com/_next/static/chunks/69e85712e58e420a.js:0
[    2173ms] [LOG] [use-translation] Final translation source: cookies_link value: Cookie Policy from dict: true @ https://www.nevumo.com/_next/static/chunks/69e85712e58e420a.js:0
[    2173ms] [LOG] [use-translation] Final translation source: terms_link value: Terms & Conditions from dict: true @ https://www.nevumo.com/_next/static/chunks/69e85712e58e420a.js:0
[    2173ms] [LOG] [use-translation] Final translation source: provider_terms_link value: Terms for Providers from dict: true @ https://www.nevumo.com/_next/static/chunks/69e85712e58e420a.js:0
[    2173ms] [LOG] [use-translation] Final translation source: withdrawal_link value: Withdrawal Form from dict: true @ https://www.nevumo.com/_next/static/chunks/69e85712e58e420a.js:0
[    2173ms] [LOG] [use-translation] Final translation source: contact_dsa_link value: DSA Contact Point from dict: true @ https://www.nevumo.com/_next/static/chunks/69e85712e58e420a.js:0
[    2173ms] [LOG] [use-translation] Final translation source: cookie_settings_link value: Cookie Settings from dict: false @ https://www.nevumo.com/_next/static/chunks/69e85712e58e420a.js:0
[    2174ms] [LOG] [use-translation] Final translation source: install_app value: Install the app from dict: true @ https://www.nevumo.com/_next/static/chunks/69e85712e58e420a.js:0
[    2174ms] [LOG] [use-translation] Final translation source: share_page value: Share from dict: true @ https://www.nevumo.com/_next/static/chunks/69e85712e58e420a.js:0
[    2174ms] [LOG] [use-translation] Final translation source: privacy_policy_link value: Privacy Policy from dict: true @ https://www.nevumo.com/_next/static/chunks/69e85712e58e420a.js:0
[    2174ms] [LOG] [use-translation] Final translation source: cookies_link value: Cookie Policy from dict: true @ https://www.nevumo.com/_next/static/chunks/69e85712e58e420a.js:0
[    2174ms] [LOG] [use-translation] Final translation source: terms_link value: Terms & Conditions from dict: true @ https://www.nevumo.com/_next/static/chunks/69e85712e58e420a.js:0
[    2174ms] [LOG] [use-translation] Final translation source: provider_terms_link value: Terms for Providers from dict: true @ https://www.nevumo.com/_next/static/chunks/69e85712e58e420a.js:0
[    2175ms] [LOG] [use-translation] Final translation source: withdrawal_link value: Withdrawal Form from dict: true @ https://www.nevumo.com/_next/static/chunks/69e85712e58e420a.js:0
[    2175ms] [LOG] [use-translation] Final translation source: contact_dsa_link value: DSA Contact Point from dict: true @ https://www.nevumo.com/_next/static/chunks/69e85712e58e420a.js:0
[    2175ms] [LOG] [use-translation] Final translation source: cookie_settings_link value: Cookie Settings from dict: false @ https://www.nevumo.com/_next/static/chunks/69e85712e58e420a.js:0
[    2191ms] [LOG] [use-translation] Final translation source: install_app value: Install the app from dict: true @ https://www.nevumo.com/_next/static/chunks/69e85712e58e420a.js:0
[    2191ms] [LOG] [use-translation] Final translation source: share_page value: Share from dict: true @ https://www.nevumo.com/_next/static/chunks/69e85712e58e420a.js:0
[    2191ms] [LOG] [use-translation] Final translation source: privacy_policy_link value: Privacy Policy from dict: true @ https://www.nevumo.com/_next/static/chunks/69e85712e58e420a.js:0
[    2191ms] [LOG] [use-translation] Final translation source: cookies_link value: Cookie Policy from dict: true @ https://www.nevumo.com/_next/static/chunks/69e85712e58e420a.js:0
[    2191ms] [LOG] [use-translation] Final translation source: terms_link value: Terms & Conditions from dict: true @ https://www.nevumo.com/_next/static/chunks/69e85712e58e420a.js:0
[    2192ms] [LOG] [use-translation] Final translation source: provider_terms_link value: Terms for Providers from dict: true @ https://www.nevumo.com/_next/static/chunks/69e85712e58e420a.js:0
[    2192ms] [LOG] [use-translation] Final translation source: withdrawal_link value: Withdrawal Form from dict: true @ https://www.nevumo.com/_next/static/chunks/69e85712e58e420a.js:0
[    2192ms] [LOG] [use-translation] Final translation source: contact_dsa_link value: DSA Contact Point from dict: true @ https://www.nevumo.com/_next/static/chunks/69e85712e58e420a.js:0
[    2192ms] [LOG] [use-translation] Final translation source: cookie_settings_link value: Cookie Settings from dict: false @ https://www.nevumo.com/_next/static/chunks/69e85712e58e420a.js:0
[    2199ms] [LOG] [use-translation] Final translation source: install_app value: Install the app from dict: true @ https://www.nevumo.com/_next/static/chunks/69e85712e58e420a.js:0
[    2199ms] [LOG] [use-translation] Final translation source: share_page value: Share from dict: true @ https://www.nevumo.com/_next/static/chunks/69e85712e58e420a.js:0
[    2199ms] [LOG] [use-translation] Final translation source: privacy_policy_link value: Privacy Policy from dict: true @ https://www.nevumo.com/_next/static/chunks/69e85712e58e420a.js:0
[    2199ms] [LOG] [use-translation] Final translation source: cookies_link value: Cookie Policy from dict: true @ https://www.nevumo.com/_next/static/chunks/69e85712e58e420a.js:0
[    2199ms] [LOG] [use-translation] Final translation source: terms_link value: Terms & Conditions from dict: true @ https://www.nevumo.com/_next/static/chunks/69e85712e58e420a.js:0
[    2199ms] [LOG] [use-translation] Final translation source: provider_terms_link value: Terms for Providers from dict: true @ https://www.nevumo.com/_next/static/chunks/69e85712e58e420a.js:0
[    2200ms] [LOG] [use-translation] Final translation source: withdrawal_link value: Withdrawal Form from dict: true @ https://www.nevumo.com/_next/static/chunks/69e85712e58e420a.js:0
[    2200ms] [LOG] [use-translation] Final translation source: contact_dsa_link value: DSA Contact Point from dict: true @ https://www.nevumo.com/_next/static/chunks/69e85712e58e420a.js:0
[    2200ms] [LOG] [use-translation] Final translation source: cookie_settings_link value: Cookie Settings from dict: false @ https://www.nevumo.com/_next/static/chunks/69e85712e58e420a.js:0
[    2204ms] [LOG] [use-translation] Final translation source: install_app value: Install the app from dict: true @ https://www.nevumo.com/_next/static/chunks/69e85712e58e420a.js:0
[    2204ms] [LOG] [use-translation] Final translation source: share_page value: Share from dict: true @ https://www.nevumo.com/_next/static/chunks/69e85712e58e420a.js:0
[    2204ms] [LOG] [use-translation] Final translation source: privacy_policy_link value: Privacy Policy from dict: true @ https://www.nevumo.com/_next/static/chunks/69e85712e58e420a.js:0
[    2204ms] [LOG] [use-translation] Final translation source: cookies_link value: Cookie Policy from dict: true @ https://www.nevumo.com/_next/static/chunks/69e85712e58e420a.js:0
[    2204ms] [LOG] [use-translation] Final translation source: terms_link value: Terms & Conditions from dict: true @ https://www.nevumo.com/_next/static/chunks/69e85712e58e420a.js:0
[    2204ms] [LOG] [use-translation] Final translation source: provider_terms_link value: Terms for Providers from dict: true @ https://www.nevumo.com/_next/static/chunks/69e85712e58e420a.js:0
[    2204ms] [LOG] [use-translation] Final translation source: withdrawal_link value: Withdrawal Form from dict: true @ https://www.nevumo.com/_next/static/chunks/69e85712e58e420a.js:0
[    2204ms] [LOG] [use-translation] Final translation source: contact_dsa_link value: DSA Contact Point from dict: true @ https://www.nevumo.com/_next/static/chunks/69e85712e58e420a.js:0
[    2205ms] [LOG] [use-translation] Final translation source: cookie_settings_link value: Cookie Settings from dict: true @ https://www.nevumo.com/_next/static/chunks/69e85712e58e420a.js:0
[    2212ms] [INFO] Banner not shown: beforeinstallpromptevent.preventDefault() called. The page must call beforeinstallpromptevent.prompt() to show the banner. @ https://www.nevumo.com/en/warszawa:0
[    2313ms] [LOG] [use-translation] Final translation source: install_app value: Install the app from dict: true @ https://www.nevumo.com/_next/static/chunks/69e85712e58e420a.js:0
[    2313ms] [LOG] [use-translation] Final translation source: share_page value: Share from dict: true @ https://www.nevumo.com/_next/static/chunks/69e85712e58e420a.js:0
[    2313ms] [LOG] [use-translation] Final translation source: privacy_policy_link value: Privacy Policy from dict: true @ https://www.nevumo.com/_next/static/chunks/69e85712e58e420a.js:0
[    2313ms] [LOG] [use-translation] Final translation source: cookies_link value: Cookie Policy from dict: true @ https://www.nevumo.com/_next/static/chunks/69e85712e58e420a.js:0
[    2313ms] [LOG] [use-translation] Final translation source: terms_link value: Terms & Conditions from dict: true @ https://www.nevumo.com/_next/static/chunks/69e85712e58e420a.js:0
[    2314ms] [LOG] [use-translation] Final translation source: provider_terms_link value: Terms for Providers from dict: true @ https://www.nevumo.com/_next/static/chunks/69e85712e58e420a.js:0
[    2314ms] [LOG] [use-translation] Final translation source: withdrawal_link value: Withdrawal Form from dict: true @ https://www.nevumo.com/_next/static/chunks/69e85712e58e420a.js:0
[    2314ms] [LOG] [use-translation] Final translation source: contact_dsa_link value: DSA Contact Point from dict: true @ https://www.nevumo.com/_next/static/chunks/69e85712e58e420a.js:0
[    2315ms] [LOG] [use-translation] Final translation source: cookie_settings_link value: Cookie Settings from dict: true @ https://www.nevumo.com/_next/static/chunks/69e85712e58e420a.js:0
