[     402ms] [LOG] [Fast Refresh] rebuilding @ http://localhost:3000/_next/static/chunks/node_modules_next_dist_f3530cac._.js:2297
[     594ms] [LOG] [Fast Refresh] done in 293ms @ http://localhost:3000/_next/static/chunks/node_modules_next_dist_f3530cac._.js:2297
[    2155ms] [INFO] %cDownload the React DevTools for a better development experience: https://react.dev/link/react-devtools font-weight:bold @ http://localhost:3000/_next/static/chunks/node_modules_next_dist_f3530cac._.js:2297
[    2217ms] [LOG] [HMR] connected @ http://localhost:3000/_next/static/chunks/node_modules_next_dist_f3530cac._.js:2297
[    2370ms] [LOG] [use-translation] Final translation source: privacy_policy_link value: Privacy Policy from dict: false @ http://localhost:3000/_next/static/chunks/node_modules_next_dist_f3530cac._.js:2297
[    2370ms] [LOG] [use-translation] Final translation source: cookies_link value: Cookie Policy from dict: false @ http://localhost:3000/_next/static/chunks/node_modules_next_dist_f3530cac._.js:2297
[    2371ms] [LOG] [use-translation] Final translation source: terms_link value: Terms & Conditions from dict: false @ http://localhost:3000/_next/static/chunks/node_modules_next_dist_f3530cac._.js:2297
[    2371ms] [LOG] [use-translation] Final translation source: provider_terms_link value: Terms for Providers from dict: false @ http://localhost:3000/_next/static/chunks/node_modules_next_dist_f3530cac._.js:2297
[    2371ms] [LOG] [use-translation] Final translation source: withdrawal_link value: Withdrawal Form from dict: false @ http://localhost:3000/_next/static/chunks/node_modules_next_dist_f3530cac._.js:2297
[    2371ms] [LOG] [use-translation] Final translation source: contact_dsa_link value: DSA Contact Point from dict: false @ http://localhost:3000/_next/static/chunks/node_modules_next_dist_f3530cac._.js:2297
[    2372ms] [LOG] [use-translation] Final translation source: privacy_policy_link value: Privacy Policy from dict: false @ http://localhost:3000/_next/static/chunks/node_modules_next_dist_f3530cac._.js:2297
[    2373ms] [LOG] [use-translation] Final translation source: cookies_link value: Cookie Policy from dict: false @ http://localhost:3000/_next/static/chunks/node_modules_next_dist_f3530cac._.js:2297
[    2373ms] [LOG] [use-translation] Final translation source: terms_link value: Terms & Conditions from dict: false @ http://localhost:3000/_next/static/chunks/node_modules_next_dist_f3530cac._.js:2297
[    2373ms] [LOG] [use-translation] Final translation source: provider_terms_link value: Terms for Providers from dict: false @ http://localhost:3000/_next/static/chunks/node_modules_next_dist_f3530cac._.js:2297
[    2373ms] [LOG] [use-translation] Final translation source: withdrawal_link value: Withdrawal Form from dict: false @ http://localhost:3000/_next/static/chunks/node_modules_next_dist_f3530cac._.js:2297
[    2373ms] [LOG] [use-translation] Final translation source: contact_dsa_link value: DSA Contact Point from dict: false @ http://localhost:3000/_next/static/chunks/node_modules_next_dist_f3530cac._.js:2297
[    2376ms] [LOG] [use-translation] Final translation source: cookie_settings_link value: Cookie Settings from dict: false @ http://localhost:3000/_next/static/chunks/node_modules_next_dist_f3530cac._.js:2297
[    2377ms] [LOG] [use-translation] Final translation source: cookie_settings_link value: Cookie Settings from dict: false @ http://localhost:3000/_next/static/chunks/node_modules_next_dist_f3530cac._.js:2297
[    2456ms] [LOG] [use-translation] Final translation source: cookie_title value: We value your privacy from dict: false @ http://localhost:3000/_next/static/chunks/node_modules_next_dist_f3530cac._.js:2297
[    2456ms] [LOG] [use-translation] Final translation source: cookie_description value: We use cookies and similar technologies to improve your experience. from dict: false @ http://localhost:3000/_next/static/chunks/node_modules_next_dist_f3530cac._.js:2297
[    2457ms] [LOG] [use-translation] Final translation source: cookie_privacy_link value: Privacy Policy from dict: false @ http://localhost:3000/_next/static/chunks/node_modules_next_dist_f3530cac._.js:2297
[    2457ms] [LOG] [use-translation] Final translation source: customize value: Customize from dict: false @ http://localhost:3000/_next/static/chunks/node_modules_next_dist_f3530cac._.js:2297
[    2458ms] [LOG] [use-translation] Final translation source: reject_all value: Reject All from dict: false @ http://localhost:3000/_next/static/chunks/node_modules_next_dist_f3530cac._.js:2297
[    2458ms] [LOG] [use-translation] Final translation source: accept_all value: Accept All from dict: false @ http://localhost:3000/_next/static/chunks/node_modules_next_dist_f3530cac._.js:2297
[    2459ms] [LOG] [use-translation] Final translation source: cookie_title value: We value your privacy from dict: false @ http://localhost:3000/_next/static/chunks/node_modules_next_dist_f3530cac._.js:2297
[    2460ms] [LOG] [use-translation] Final translation source: cookie_description value: We use cookies and similar technologies to improve your experience. from dict: false @ http://localhost:3000/_next/static/chunks/node_modules_next_dist_f3530cac._.js:2297
[    2460ms] [LOG] [use-translation] Final translation source: cookie_privacy_link value: Privacy Policy from dict: false @ http://localhost:3000/_next/static/chunks/node_modules_next_dist_f3530cac._.js:2297
[    2461ms] [LOG] [use-translation] Final translation source: customize value: Customize from dict: false @ http://localhost:3000/_next/static/chunks/node_modules_next_dist_f3530cac._.js:2297
[    2461ms] [LOG] [use-translation] Final translation source: reject_all value: Reject All from dict: false @ http://localhost:3000/_next/static/chunks/node_modules_next_dist_f3530cac._.js:2297
[    2461ms] [LOG] [use-translation] Final translation source: accept_all value: Accept All from dict: false @ http://localhost:3000/_next/static/chunks/node_modules_next_dist_f3530cac._.js:2297
[    2523ms] [WARNING] Image with src "http://localhost:3000/Nevumo_logo.svg" has either width or height modified, but not the other. If you use CSS to change the size of your image, also include the styles 'width: "auto"' or 'height: "auto"' to maintain the aspect ratio. @ http://localhost:3000/_next/static/chunks/node_modules_next_dist_f3530cac._.js:2297
[    2546ms] [LOG] [use-translation] Final translation source: privacy_policy_link value: Политика за поверителност from dict: true @ http://localhost:3000/_next/static/chunks/node_modules_next_dist_f3530cac._.js:2297
[    2547ms] [LOG] [use-translation] Final translation source: cookies_link value: Политика за бисквитки from dict: true @ http://localhost:3000/_next/static/chunks/node_modules_next_dist_f3530cac._.js:2297
[    2547ms] [LOG] [use-translation] Final translation source: terms_link value: Общи условия from dict: true @ http://localhost:3000/_next/static/chunks/node_modules_next_dist_f3530cac._.js:2297
[    2547ms] [LOG] [use-translation] Final translation source: provider_terms_link value: Условия за доставчици from dict: true @ http://localhost:3000/_next/static/chunks/node_modules_next_dist_f3530cac._.js:2297
[    2548ms] [LOG] [use-translation] Final translation source: withdrawal_link value: Формуляр за отказ from dict: true @ http://localhost:3000/_next/static/chunks/node_modules_next_dist_f3530cac._.js:2297
[    2548ms] [LOG] [use-translation] Final translation source: contact_dsa_link value: Точка за контакт по DSA from dict: true @ http://localhost:3000/_next/static/chunks/node_modules_next_dist_f3530cac._.js:2297
[    2551ms] [LOG] [use-translation] Final translation source: privacy_policy_link value: Политика за поверителност from dict: true @ http://localhost:3000/_next/static/chunks/node_modules_next_dist_f3530cac._.js:2297
[    2551ms] [LOG] [use-translation] Final translation source: cookies_link value: Политика за бисквитки from dict: true @ http://localhost:3000/_next/static/chunks/node_modules_next_dist_f3530cac._.js:2297
[    2552ms] [LOG] [use-translation] Final translation source: terms_link value: Общи условия from dict: true @ http://localhost:3000/_next/static/chunks/node_modules_next_dist_f3530cac._.js:2297
[    2552ms] [LOG] [use-translation] Final translation source: provider_terms_link value: Условия за доставчици from dict: true @ http://localhost:3000/_next/static/chunks/node_modules_next_dist_f3530cac._.js:2297
[    2555ms] [LOG] [use-translation] Final translation source: withdrawal_link value: Формуляр за отказ from dict: true @ http://localhost:3000/_next/static/chunks/node_modules_next_dist_f3530cac._.js:2297
[    2556ms] [LOG] [use-translation] Final translation source: contact_dsa_link value: Точка за контакт по DSA from dict: true @ http://localhost:3000/_next/static/chunks/node_modules_next_dist_f3530cac._.js:2297
[    2562ms] [LOG] [use-translation] Final translation source: cookie_settings_link value: Настройки на бисквитките from dict: true @ http://localhost:3000/_next/static/chunks/node_modules_next_dist_f3530cac._.js:2297
[    2562ms] [LOG] [use-translation] Final translation source: cookie_settings_link value: Настройки на бисквитките from dict: true @ http://localhost:3000/_next/static/chunks/node_modules_next_dist_f3530cac._.js:2297
[    2564ms] [LOG] [use-translation] Final translation source: cookie_title value: Използваме бисквитки from dict: true @ http://localhost:3000/_next/static/chunks/node_modules_next_dist_f3530cac._.js:2297
[    2565ms] [LOG] [use-translation] Final translation source: cookie_description value: Използваме бисквитки и подобни технологии, за да подобрим вашето изживяване, да анализираме трафика и да показваме подходящо съдържание. Можете да изберете кои категории да разрешите. from dict: true @ http://localhost:3000/_next/static/chunks/node_modules_next_dist_f3530cac._.js:2297
[    2565ms] [LOG] [use-translation] Final translation source: cookie_privacy_link value: Политика за поверителност from dict: true @ http://localhost:3000/_next/static/chunks/node_modules_next_dist_f3530cac._.js:2297
[    2566ms] [LOG] [use-translation] Final translation source: customize value: Персонализиране from dict: true @ http://localhost:3000/_next/static/chunks/node_modules_next_dist_f3530cac._.js:2297
[    2567ms] [LOG] [use-translation] Final translation source: reject_all value: Отхвърли всички from dict: true @ http://localhost:3000/_next/static/chunks/node_modules_next_dist_f3530cac._.js:2297
[    2567ms] [LOG] [use-translation] Final translation source: accept_all value: Приеми всички from dict: true @ http://localhost:3000/_next/static/chunks/node_modules_next_dist_f3530cac._.js:2297
[    2569ms] [LOG] [use-translation] Final translation source: cookie_title value: Използваме бисквитки from dict: true @ http://localhost:3000/_next/static/chunks/node_modules_next_dist_f3530cac._.js:2297
[    2570ms] [LOG] [use-translation] Final translation source: cookie_description value: Използваме бисквитки и подобни технологии, за да подобрим вашето изживяване, да анализираме трафика и да показваме подходящо съдържание. Можете да изберете кои категории да разрешите. from dict: true @ http://localhost:3000/_next/static/chunks/node_modules_next_dist_f3530cac._.js:2297
[    2576ms] [LOG] [use-translation] Final translation source: cookie_privacy_link value: Политика за поверителност from dict: true @ http://localhost:3000/_next/static/chunks/node_modules_next_dist_f3530cac._.js:2297
[    2577ms] [LOG] [use-translation] Final translation source: customize value: Персонализиране from dict: true @ http://localhost:3000/_next/static/chunks/node_modules_next_dist_f3530cac._.js:2297
[    2578ms] [LOG] [use-translation] Final translation source: reject_all value: Отхвърли всички from dict: true @ http://localhost:3000/_next/static/chunks/node_modules_next_dist_f3530cac._.js:2297
[    2578ms] [LOG] [use-translation] Final translation source: accept_all value: Приеми всички from dict: true @ http://localhost:3000/_next/static/chunks/node_modules_next_dist_f3530cac._.js:2297
[   27977ms] [LOG] [Fast Refresh] rebuilding @ http://localhost:3000/_next/static/chunks/node_modules_next_dist_f3530cac._.js:2297
[   28011ms] [LOG] [Fast Refresh] done in 137ms @ http://localhost:3000/_next/static/chunks/node_modules_next_dist_f3530cac._.js:2297
