[    2373ms] [LOG] [use-translation] Final translation source: cookie_title value: We value your privacy from dict: false @ https://www.nevumo.com/_next/static/chunks/69e85712e58e420a.js:0
[    2374ms] [LOG] [use-translation] Final translation source: cookie_description value: We use cookies and similar technologies to improve your experience. from dict: false @ https://www.nevumo.com/_next/static/chunks/69e85712e58e420a.js:0
[    2374ms] [LOG] [use-translation] Final translation source: cookie_privacy_link value: Privacy Policy from dict: false @ https://www.nevumo.com/_next/static/chunks/69e85712e58e420a.js:0
[    2374ms] [LOG] [use-translation] Final translation source: customize value: Customize from dict: false @ https://www.nevumo.com/_next/static/chunks/69e85712e58e420a.js:0
[    2374ms] [LOG] [use-translation] Final translation source: reject_all value: Reject All from dict: false @ https://www.nevumo.com/_next/static/chunks/69e85712e58e420a.js:0
[    2374ms] [LOG] [use-translation] Final translation source: accept_all value: Accept All from dict: false @ https://www.nevumo.com/_next/static/chunks/69e85712e58e420a.js:0
[    2445ms] [LOG] [AuthPage] authDict keys: [claim_headline, claim_subtitle, claim_cta_btn, quick_login_label, google_btn, facebook_btn, or_with_email, continue_btn, page_title, meta_description, hero_title_client, hero_subtitle_client, hero_title_provider, back_btn, register_subtitle, forgot_password_link, login_btn, forgot_title, forgot_subtitle, forgot_send_btn, password_placeholder_register, password_placeholder_login, forgot_sent_btn, forgot_check_email, checking_btn, logging_in_btn, registering_btn, sending_btn, error_wrong_password, error_generic, error_rate_limit, error_account_disabled, error_email_exists, register_success, coming_soon, oauth_terms_title, oauth_terms_subtitle, oauth_continue_google, oauth_error_generic, terms_link, oauth_error, dismiss_button, terms_accept_prefix, terms_provider_link, terms_and, privacy_link, modal_title_terms, modal_title_terms_provider, modal_title_privacy, select_role_title, select_role_subtitle, select_role_client_title, select_role_client_subtitle, select_role_provider_title, select_role_provider_subtitle] @ https://www.nevumo.com/_next/static/chunks/c735c10bc8e39c87.js:0
[    2448ms] [LOG] [AuthPage] authDict sample: {claim_headline: Claim your profile on Nevumo, claim_subtitle: Register for free and manage your clients, claim_cta_btn: Claim profile, quick_login_label: Quick login without password, google_btn: Sign in with Google} @ https://www.nevumo.com/_next/static/chunks/c735c10bc8e39c87.js:0
[    2452ms] [LOG] [use-translation] Final translation source: install_app value: Install the app from dict: false @ https://www.nevumo.com/_next/static/chunks/69e85712e58e420a.js:0
[    2452ms] [LOG] [use-translation] Final translation source: share_page value: Share from dict: false @ https://www.nevumo.com/_next/static/chunks/69e85712e58e420a.js:0
[    2452ms] [LOG] [use-translation] Final translation source: privacy_policy_link value: Privacy Policy from dict: false @ https://www.nevumo.com/_next/static/chunks/69e85712e58e420a.js:0
[    2452ms] [LOG] [use-translation] Final translation source: cookies_link value: Cookie Policy from dict: false @ https://www.nevumo.com/_next/static/chunks/69e85712e58e420a.js:0
[    2453ms] [LOG] [use-translation] Final translation source: terms_link value: Terms & Conditions from dict: false @ https://www.nevumo.com/_next/static/chunks/69e85712e58e420a.js:0
[    2453ms] [LOG] [use-translation] Final translation source: provider_terms_link value: Terms for Providers from dict: false @ https://www.nevumo.com/_next/static/chunks/69e85712e58e420a.js:0
[    2453ms] [LOG] [use-translation] Final translation source: withdrawal_link value: Withdrawal Form from dict: false @ https://www.nevumo.com/_next/static/chunks/69e85712e58e420a.js:0
[    2453ms] [LOG] [use-translation] Final translation source: contact_dsa_link value: DSA Contact Point from dict: false @ https://www.nevumo.com/_next/static/chunks/69e85712e58e420a.js:0
[    2458ms] [LOG] [use-translation] Final translation source: cookie_settings_link value: Cookie Settings from dict: false @ https://www.nevumo.com/_next/static/chunks/69e85712e58e420a.js:0
[    2490ms] [LOG] [AuthPage] authDict keys: [claim_headline, claim_subtitle, claim_cta_btn, quick_login_label, google_btn, facebook_btn, or_with_email, continue_btn, page_title, meta_description, hero_title_client, hero_subtitle_client, hero_title_provider, back_btn, register_subtitle, forgot_password_link, login_btn, forgot_title, forgot_subtitle, forgot_send_btn, password_placeholder_register, password_placeholder_login, forgot_sent_btn, forgot_check_email, checking_btn, logging_in_btn, registering_btn, sending_btn, error_wrong_password, error_generic, error_rate_limit, error_account_disabled, error_email_exists, register_success, coming_soon, oauth_terms_title, oauth_terms_subtitle, oauth_continue_google, oauth_error_generic, terms_link, oauth_error, dismiss_button, terms_accept_prefix, terms_provider_link, terms_and, privacy_link, modal_title_terms, modal_title_terms_provider, modal_title_privacy, select_role_title, select_role_subtitle, select_role_client_title, select_role_client_subtitle, select_role_provider_title, select_role_provider_subtitle] @ https://www.nevumo.com/_next/static/chunks/c735c10bc8e39c87.js:0
[    2490ms] [LOG] [AuthPage] authDict sample: {claim_headline: Claim your profile on Nevumo, claim_subtitle: Register for free and manage your clients, claim_cta_btn: Claim profile, quick_login_label: Quick login without password, google_btn: Sign in with Google} @ https://www.nevumo.com/_next/static/chunks/c735c10bc8e39c87.js:0
[    2610ms] [INFO] Banner not shown: beforeinstallpromptevent.preventDefault() called. The page must call beforeinstallpromptevent.prompt() to show the banner. @ https://www.nevumo.com/en/auth:0
[    2815ms] [LOG] [AuthPage] authDict keys: [claim_headline, claim_subtitle, claim_cta_btn, quick_login_label, google_btn, facebook_btn, or_with_email, continue_btn, page_title, meta_description, hero_title_client, hero_subtitle_client, hero_title_provider, back_btn, register_subtitle, forgot_password_link, login_btn, forgot_title, forgot_subtitle, forgot_send_btn, password_placeholder_register, password_placeholder_login, forgot_sent_btn, forgot_check_email, checking_btn, logging_in_btn, registering_btn, sending_btn, error_wrong_password, error_generic, error_rate_limit, error_account_disabled, error_email_exists, register_success, coming_soon, oauth_terms_title, oauth_terms_subtitle, oauth_continue_google, oauth_error_generic, terms_link, oauth_error, dismiss_button, terms_accept_prefix, terms_provider_link, terms_and, privacy_link, modal_title_terms, modal_title_terms_provider, modal_title_privacy, select_role_title, select_role_subtitle, select_role_client_title, select_role_client_subtitle, select_role_provider_title, select_role_provider_subtitle] @ https://www.nevumo.com/_next/static/chunks/c735c10bc8e39c87.js:0
[    2816ms] [LOG] [AuthPage] authDict sample: {claim_headline: Claim your profile on Nevumo, claim_subtitle: Register for free and manage your clients, claim_cta_btn: Claim profile, quick_login_label: Quick login without password, google_btn: Sign in with Google} @ https://www.nevumo.com/_next/static/chunks/c735c10bc8e39c87.js:0
[    2818ms] [LOG] [AuthPage] authDict keys: [claim_headline, claim_subtitle, claim_cta_btn, quick_login_label, google_btn, facebook_btn, or_with_email, continue_btn, page_title, meta_description, hero_title_client, hero_subtitle_client, hero_title_provider, back_btn, register_subtitle, forgot_password_link, login_btn, forgot_title, forgot_subtitle, forgot_send_btn, password_placeholder_register, password_placeholder_login, forgot_sent_btn, forgot_check_email, checking_btn, logging_in_btn, registering_btn, sending_btn, error_wrong_password, error_generic, error_rate_limit, error_account_disabled, error_email_exists, register_success, coming_soon, oauth_terms_title, oauth_terms_subtitle, oauth_continue_google, oauth_error_generic, terms_link, oauth_error, dismiss_button, terms_accept_prefix, terms_provider_link, terms_and, privacy_link, modal_title_terms, modal_title_terms_provider, modal_title_privacy, select_role_title, select_role_subtitle, select_role_client_title, select_role_client_subtitle, select_role_provider_title, select_role_provider_subtitle] @ https://www.nevumo.com/_next/static/chunks/c735c10bc8e39c87.js:0
[    2818ms] [LOG] [AuthPage] authDict sample: {claim_headline: Claim your profile on Nevumo, claim_subtitle: Register for free and manage your clients, claim_cta_btn: Claim profile, quick_login_label: Quick login without password, google_btn: Sign in with Google} @ https://www.nevumo.com/_next/static/chunks/c735c10bc8e39c87.js:0
[    2819ms] [LOG] [use-translation] Final translation source: install_app value: Install the app from dict: false @ https://www.nevumo.com/_next/static/chunks/69e85712e58e420a.js:0
[    2819ms] [LOG] [use-translation] Final translation source: share_page value: Share from dict: false @ https://www.nevumo.com/_next/static/chunks/69e85712e58e420a.js:0
[    2819ms] [LOG] [use-translation] Final translation source: privacy_policy_link value: Privacy Policy from dict: false @ https://www.nevumo.com/_next/static/chunks/69e85712e58e420a.js:0
[    2819ms] [LOG] [use-translation] Final translation source: cookies_link value: Cookie Policy from dict: false @ https://www.nevumo.com/_next/static/chunks/69e85712e58e420a.js:0
[    2819ms] [LOG] [use-translation] Final translation source: terms_link value: Terms & Conditions from dict: false @ https://www.nevumo.com/_next/static/chunks/69e85712e58e420a.js:0
[    2819ms] [LOG] [use-translation] Final translation source: provider_terms_link value: Terms for Providers from dict: false @ https://www.nevumo.com/_next/static/chunks/69e85712e58e420a.js:0
[    2819ms] [LOG] [use-translation] Final translation source: withdrawal_link value: Withdrawal Form from dict: false @ https://www.nevumo.com/_next/static/chunks/69e85712e58e420a.js:0
[    2819ms] [LOG] [use-translation] Final translation source: contact_dsa_link value: DSA Contact Point from dict: false @ https://www.nevumo.com/_next/static/chunks/69e85712e58e420a.js:0
[    2819ms] [LOG] [use-translation] Final translation source: cookie_settings_link value: Cookie Settings from dict: false @ https://www.nevumo.com/_next/static/chunks/69e85712e58e420a.js:0
[    2820ms] [LOG] [AuthPage] authDict keys: [claim_headline, claim_subtitle, claim_cta_btn, quick_login_label, google_btn, facebook_btn, or_with_email, continue_btn, page_title, meta_description, hero_title_client, hero_subtitle_client, hero_title_provider, back_btn, register_subtitle, forgot_password_link, login_btn, forgot_title, forgot_subtitle, forgot_send_btn, password_placeholder_register, password_placeholder_login, forgot_sent_btn, forgot_check_email, checking_btn, logging_in_btn, registering_btn, sending_btn, error_wrong_password, error_generic, error_rate_limit, error_account_disabled, error_email_exists, register_success, coming_soon, oauth_terms_title, oauth_terms_subtitle, oauth_continue_google, oauth_error_generic, terms_link, oauth_error, dismiss_button, terms_accept_prefix, terms_provider_link, terms_and, privacy_link, modal_title_terms, modal_title_terms_provider, modal_title_privacy, select_role_title, select_role_subtitle, select_role_client_title, select_role_client_subtitle, select_role_provider_title, select_role_provider_subtitle] @ https://www.nevumo.com/_next/static/chunks/c735c10bc8e39c87.js:0
[    2821ms] [LOG] [AuthPage] authDict sample: {claim_headline: Claim your profile on Nevumo, claim_subtitle: Register for free and manage your clients, claim_cta_btn: Claim profile, quick_login_label: Quick login without password, google_btn: Sign in with Google} @ https://www.nevumo.com/_next/static/chunks/c735c10bc8e39c87.js:0
[    2821ms] [LOG] [use-translation] Final translation source: install_app value: Install the app from dict: false @ https://www.nevumo.com/_next/static/chunks/69e85712e58e420a.js:0
[    2821ms] [LOG] [use-translation] Final translation source: share_page value: Share from dict: false @ https://www.nevumo.com/_next/static/chunks/69e85712e58e420a.js:0
[    2821ms] [LOG] [use-translation] Final translation source: privacy_policy_link value: Privacy Policy from dict: false @ https://www.nevumo.com/_next/static/chunks/69e85712e58e420a.js:0
[    2821ms] [LOG] [use-translation] Final translation source: cookies_link value: Cookie Policy from dict: false @ https://www.nevumo.com/_next/static/chunks/69e85712e58e420a.js:0
[    2821ms] [LOG] [use-translation] Final translation source: terms_link value: Terms & Conditions from dict: false @ https://www.nevumo.com/_next/static/chunks/69e85712e58e420a.js:0
[    2821ms] [LOG] [use-translation] Final translation source: provider_terms_link value: Terms for Providers from dict: false @ https://www.nevumo.com/_next/static/chunks/69e85712e58e420a.js:0
[    2821ms] [LOG] [use-translation] Final translation source: withdrawal_link value: Withdrawal Form from dict: false @ https://www.nevumo.com/_next/static/chunks/69e85712e58e420a.js:0
[    2821ms] [LOG] [use-translation] Final translation source: contact_dsa_link value: DSA Contact Point from dict: false @ https://www.nevumo.com/_next/static/chunks/69e85712e58e420a.js:0
[    2822ms] [LOG] [use-translation] Final translation source: cookie_settings_link value: Cookie Settings from dict: true @ https://www.nevumo.com/_next/static/chunks/69e85712e58e420a.js:0
[    2823ms] [LOG] [use-translation] Final translation source: install_app value: Install the app from dict: true @ https://www.nevumo.com/_next/static/chunks/69e85712e58e420a.js:0
[    2823ms] [LOG] [use-translation] Final translation source: share_page value: Share from dict: true @ https://www.nevumo.com/_next/static/chunks/69e85712e58e420a.js:0
[    2823ms] [LOG] [use-translation] Final translation source: privacy_policy_link value: Privacy Policy from dict: true @ https://www.nevumo.com/_next/static/chunks/69e85712e58e420a.js:0
[    2823ms] [LOG] [use-translation] Final translation source: cookies_link value: Cookie Policy from dict: true @ https://www.nevumo.com/_next/static/chunks/69e85712e58e420a.js:0
[    2823ms] [LOG] [use-translation] Final translation source: terms_link value: Terms & Conditions from dict: true @ https://www.nevumo.com/_next/static/chunks/69e85712e58e420a.js:0
[    2823ms] [LOG] [use-translation] Final translation source: provider_terms_link value: Terms for Providers from dict: true @ https://www.nevumo.com/_next/static/chunks/69e85712e58e420a.js:0
[    2823ms] [LOG] [use-translation] Final translation source: withdrawal_link value: Withdrawal Form from dict: true @ https://www.nevumo.com/_next/static/chunks/69e85712e58e420a.js:0
[    2823ms] [LOG] [use-translation] Final translation source: contact_dsa_link value: DSA Contact Point from dict: true @ https://www.nevumo.com/_next/static/chunks/69e85712e58e420a.js:0
[    2824ms] [LOG] [use-translation] Final translation source: cookie_settings_link value: Cookie Settings from dict: true @ https://www.nevumo.com/_next/static/chunks/69e85712e58e420a.js:0
[    2824ms] [LOG] [use-translation] Final translation source: cookie_title value: We use cookies from dict: true @ https://www.nevumo.com/_next/static/chunks/69e85712e58e420a.js:0
[    2824ms] [LOG] [use-translation] Final translation source: cookie_description value: We use cookies and similar technologies to improve your experience, analyse traffic and show relevant content. You can choose which categories to allow. from dict: true @ https://www.nevumo.com/_next/static/chunks/69e85712e58e420a.js:0
[    2824ms] [LOG] [use-translation] Final translation source: cookie_privacy_link value: Privacy Policy from dict: true @ https://www.nevumo.com/_next/static/chunks/69e85712e58e420a.js:0
[    2825ms] [LOG] [use-translation] Final translation source: customize value: Customize from dict: true @ https://www.nevumo.com/_next/static/chunks/69e85712e58e420a.js:0
[    2825ms] [LOG] [use-translation] Final translation source: reject_all value: Reject All from dict: true @ https://www.nevumo.com/_next/static/chunks/69e85712e58e420a.js:0
[    2825ms] [LOG] [use-translation] Final translation source: accept_all value: Accept All from dict: true @ https://www.nevumo.com/_next/static/chunks/69e85712e58e420a.js:0
[    2827ms] [LOG] [use-translation] Final translation source: install_app value: Install the app from dict: true @ https://www.nevumo.com/_next/static/chunks/69e85712e58e420a.js:0
[    2827ms] [LOG] [use-translation] Final translation source: share_page value: Share from dict: true @ https://www.nevumo.com/_next/static/chunks/69e85712e58e420a.js:0
[    2827ms] [LOG] [use-translation] Final translation source: privacy_policy_link value: Privacy Policy from dict: true @ https://www.nevumo.com/_next/static/chunks/69e85712e58e420a.js:0
[    2827ms] [LOG] [use-translation] Final translation source: cookies_link value: Cookie Policy from dict: true @ https://www.nevumo.com/_next/static/chunks/69e85712e58e420a.js:0
[    2827ms] [LOG] [use-translation] Final translation source: terms_link value: Terms & Conditions from dict: true @ https://www.nevumo.com/_next/static/chunks/69e85712e58e420a.js:0
[    2827ms] [LOG] [use-translation] Final translation source: provider_terms_link value: Terms for Providers from dict: true @ https://www.nevumo.com/_next/static/chunks/69e85712e58e420a.js:0
[    2827ms] [LOG] [use-translation] Final translation source: withdrawal_link value: Withdrawal Form from dict: true @ https://www.nevumo.com/_next/static/chunks/69e85712e58e420a.js:0
[    2827ms] [LOG] [use-translation] Final translation source: contact_dsa_link value: DSA Contact Point from dict: true @ https://www.nevumo.com/_next/static/chunks/69e85712e58e420a.js:0
[    2828ms] [LOG] [use-translation] Final translation source: cookie_settings_link value: Cookie Settings from dict: true @ https://www.nevumo.com/_next/static/chunks/69e85712e58e420a.js:0
[    2829ms] [LOG] [use-translation] Final translation source: install_app value: Install the app from dict: true @ https://www.nevumo.com/_next/static/chunks/69e85712e58e420a.js:0
[    2829ms] [LOG] [use-translation] Final translation source: share_page value: Share from dict: true @ https://www.nevumo.com/_next/static/chunks/69e85712e58e420a.js:0
[    2829ms] [LOG] [use-translation] Final translation source: privacy_policy_link value: Privacy Policy from dict: true @ https://www.nevumo.com/_next/static/chunks/69e85712e58e420a.js:0
[    2829ms] [LOG] [use-translation] Final translation source: cookies_link value: Cookie Policy from dict: true @ https://www.nevumo.com/_next/static/chunks/69e85712e58e420a.js:0
[    2830ms] [LOG] [use-translation] Final translation source: terms_link value: Terms & Conditions from dict: true @ https://www.nevumo.com/_next/static/chunks/69e85712e58e420a.js:0
[    2830ms] [LOG] [use-translation] Final translation source: provider_terms_link value: Terms for Providers from dict: true @ https://www.nevumo.com/_next/static/chunks/69e85712e58e420a.js:0
[    2830ms] [LOG] [use-translation] Final translation source: withdrawal_link value: Withdrawal Form from dict: true @ https://www.nevumo.com/_next/static/chunks/69e85712e58e420a.js:0
[    2830ms] [LOG] [use-translation] Final translation source: contact_dsa_link value: DSA Contact Point from dict: true @ https://www.nevumo.com/_next/static/chunks/69e85712e58e420a.js:0
[    2830ms] [LOG] [use-translation] Final translation source: cookie_settings_link value: Cookie Settings from dict: true @ https://www.nevumo.com/_next/static/chunks/69e85712e58e420a.js:0
[    2901ms] [LOG] [use-translation] Final translation source: install_app value: Install the app from dict: true @ https://www.nevumo.com/_next/static/chunks/69e85712e58e420a.js:0
[    2901ms] [LOG] [use-translation] Final translation source: share_page value: Share from dict: true @ https://www.nevumo.com/_next/static/chunks/69e85712e58e420a.js:0
[    2901ms] [LOG] [use-translation] Final translation source: privacy_policy_link value: Privacy Policy from dict: true @ https://www.nevumo.com/_next/static/chunks/69e85712e58e420a.js:0
[    2901ms] [LOG] [use-translation] Final translation source: cookies_link value: Cookie Policy from dict: true @ https://www.nevumo.com/_next/static/chunks/69e85712e58e420a.js:0
[    2901ms] [LOG] [use-translation] Final translation source: terms_link value: Terms & Conditions from dict: true @ https://www.nevumo.com/_next/static/chunks/69e85712e58e420a.js:0
[    2902ms] [LOG] [use-translation] Final translation source: provider_terms_link value: Terms for Providers from dict: true @ https://www.nevumo.com/_next/static/chunks/69e85712e58e420a.js:0
[    2902ms] [LOG] [use-translation] Final translation source: withdrawal_link value: Withdrawal Form from dict: true @ https://www.nevumo.com/_next/static/chunks/69e85712e58e420a.js:0
[    2902ms] [LOG] [use-translation] Final translation source: contact_dsa_link value: DSA Contact Point from dict: true @ https://www.nevumo.com/_next/static/chunks/69e85712e58e420a.js:0
[    2902ms] [LOG] [use-translation] Final translation source: cookie_settings_link value: Cookie Settings from dict: true @ https://www.nevumo.com/_next/static/chunks/69e85712e58e420a.js:0
[    3201ms] [LOG] [use-translation] Final translation source: install_app value: Install the app from dict: true @ https://www.nevumo.com/_next/static/chunks/69e85712e58e420a.js:0
[    3202ms] [LOG] [use-translation] Final translation source: share_page value: Share from dict: true @ https://www.nevumo.com/_next/static/chunks/69e85712e58e420a.js:0
[    3202ms] [LOG] [use-translation] Final translation source: privacy_policy_link value: Privacy Policy from dict: true @ https://www.nevumo.com/_next/static/chunks/69e85712e58e420a.js:0
[    3202ms] [LOG] [use-translation] Final translation source: cookies_link value: Cookie Policy from dict: true @ https://www.nevumo.com/_next/static/chunks/69e85712e58e420a.js:0
[    3202ms] [LOG] [use-translation] Final translation source: terms_link value: Terms & Conditions from dict: true @ https://www.nevumo.com/_next/static/chunks/69e85712e58e420a.js:0
[    3202ms] [LOG] [use-translation] Final translation source: provider_terms_link value: Terms for Providers from dict: true @ https://www.nevumo.com/_next/static/chunks/69e85712e58e420a.js:0
[    3202ms] [LOG] [use-translation] Final translation source: withdrawal_link value: Withdrawal Form from dict: true @ https://www.nevumo.com/_next/static/chunks/69e85712e58e420a.js:0
[    3202ms] [LOG] [use-translation] Final translation source: contact_dsa_link value: DSA Contact Point from dict: true @ https://www.nevumo.com/_next/static/chunks/69e85712e58e420a.js:0
[    3202ms] [LOG] [use-translation] Final translation source: cookie_settings_link value: Cookie Settings from dict: true @ https://www.nevumo.com/_next/static/chunks/69e85712e58e420a.js:0
[    3248ms] [LOG] [use-translation] Final translation source: install_app value: Install the app from dict: true @ https://www.nevumo.com/_next/static/chunks/69e85712e58e420a.js:0
[    3248ms] [LOG] [use-translation] Final translation source: share_page value: Share from dict: true @ https://www.nevumo.com/_next/static/chunks/69e85712e58e420a.js:0
[    3248ms] [LOG] [use-translation] Final translation source: privacy_policy_link value: Privacy Policy from dict: true @ https://www.nevumo.com/_next/static/chunks/69e85712e58e420a.js:0
[    3248ms] [LOG] [use-translation] Final translation source: cookies_link value: Cookie Policy from dict: true @ https://www.nevumo.com/_next/static/chunks/69e85712e58e420a.js:0
[    3248ms] [LOG] [use-translation] Final translation source: terms_link value: Terms & Conditions from dict: true @ https://www.nevumo.com/_next/static/chunks/69e85712e58e420a.js:0
[    3248ms] [LOG] [use-translation] Final translation source: provider_terms_link value: Terms for Providers from dict: true @ https://www.nevumo.com/_next/static/chunks/69e85712e58e420a.js:0
[    3248ms] [LOG] [use-translation] Final translation source: withdrawal_link value: Withdrawal Form from dict: true @ https://www.nevumo.com/_next/static/chunks/69e85712e58e420a.js:0
[    3248ms] [LOG] [use-translation] Final translation source: contact_dsa_link value: DSA Contact Point from dict: true @ https://www.nevumo.com/_next/static/chunks/69e85712e58e420a.js:0
[    3248ms] [LOG] [use-translation] Final translation source: cookie_settings_link value: Cookie Settings from dict: true @ https://www.nevumo.com/_next/static/chunks/69e85712e58e420a.js:0
[    3249ms] [LOG] [use-translation] Final translation source: install_app value: Install the app from dict: true @ https://www.nevumo.com/_next/static/chunks/69e85712e58e420a.js:0
[    3249ms] [LOG] [use-translation] Final translation source: share_page value: Share from dict: true @ https://www.nevumo.com/_next/static/chunks/69e85712e58e420a.js:0
[    3249ms] [LOG] [use-translation] Final translation source: privacy_policy_link value: Privacy Policy from dict: true @ https://www.nevumo.com/_next/static/chunks/69e85712e58e420a.js:0
[    3249ms] [LOG] [use-translation] Final translation source: cookies_link value: Cookie Policy from dict: true @ https://www.nevumo.com/_next/static/chunks/69e85712e58e420a.js:0
[    3250ms] [LOG] [use-translation] Final translation source: terms_link value: Terms & Conditions from dict: true @ https://www.nevumo.com/_next/static/chunks/69e85712e58e420a.js:0
[    3250ms] [LOG] [use-translation] Final translation source: provider_terms_link value: Terms for Providers from dict: true @ https://www.nevumo.com/_next/static/chunks/69e85712e58e420a.js:0
[    3250ms] [LOG] [use-translation] Final translation source: withdrawal_link value: Withdrawal Form from dict: true @ https://www.nevumo.com/_next/static/chunks/69e85712e58e420a.js:0
[    3250ms] [LOG] [use-translation] Final translation source: contact_dsa_link value: DSA Contact Point from dict: true @ https://www.nevumo.com/_next/static/chunks/69e85712e58e420a.js:0
[    3250ms] [LOG] [use-translation] Final translation source: cookie_settings_link value: Cookie Settings from dict: true @ https://www.nevumo.com/_next/static/chunks/69e85712e58e420a.js:0
[   38595ms] [LOG] [AuthPage] authDict keys: [claim_headline, claim_subtitle, claim_cta_btn, quick_login_label, google_btn, facebook_btn, or_with_email, continue_btn, page_title, meta_description, hero_title_client, hero_subtitle_client, hero_title_provider, back_btn, register_subtitle, forgot_password_link, login_btn, forgot_title, forgot_subtitle, forgot_send_btn, password_placeholder_register, password_placeholder_login, forgot_sent_btn, forgot_check_email, checking_btn, logging_in_btn, registering_btn, sending_btn, error_wrong_password, error_generic, error_rate_limit, error_account_disabled, error_email_exists, register_success, coming_soon, oauth_terms_title, oauth_terms_subtitle, oauth_continue_google, oauth_error_generic, terms_link, oauth_error, dismiss_button, terms_accept_prefix, terms_provider_link, terms_and, privacy_link, modal_title_terms, modal_title_terms_provider, modal_title_privacy, select_role_title, select_role_subtitle, select_role_client_title, select_role_client_subtitle, select_role_provider_title, select_role_provider_subtitle] @ https://www.nevumo.com/_next/static/chunks/c735c10bc8e39c87.js:0
[   38596ms] [LOG] [AuthPage] authDict sample: {claim_headline: Claim your profile on Nevumo, claim_subtitle: Register for free and manage your clients, claim_cta_btn: Claim profile, quick_login_label: Quick login without password, google_btn: Sign in with Google} @ https://www.nevumo.com/_next/static/chunks/c735c10bc8e39c87.js:0
[   42788ms] [LOG] [AuthPage] authDict keys: [claim_headline, claim_subtitle, claim_cta_btn, quick_login_label, google_btn, facebook_btn, or_with_email, continue_btn, page_title, meta_description, hero_title_client, hero_subtitle_client, hero_title_provider, back_btn, register_subtitle, forgot_password_link, login_btn, forgot_title, forgot_subtitle, forgot_send_btn, password_placeholder_register, password_placeholder_login, forgot_sent_btn, forgot_check_email, checking_btn, logging_in_btn, registering_btn, sending_btn, error_wrong_password, error_generic, error_rate_limit, error_account_disabled, error_email_exists, register_success, coming_soon, oauth_terms_title, oauth_terms_subtitle, oauth_continue_google, oauth_error_generic, terms_link, oauth_error, dismiss_button, terms_accept_prefix, terms_provider_link, terms_and, privacy_link, modal_title_terms, modal_title_terms_provider, modal_title_privacy, select_role_title, select_role_subtitle, select_role_client_title, select_role_client_subtitle, select_role_provider_title, select_role_provider_subtitle] @ https://www.nevumo.com/_next/static/chunks/c735c10bc8e39c87.js:0
[   42788ms] [LOG] [AuthPage] authDict sample: {claim_headline: Claim your profile on Nevumo, claim_subtitle: Register for free and manage your clients, claim_cta_btn: Claim profile, quick_login_label: Quick login without password, google_btn: Sign in with Google} @ https://www.nevumo.com/_next/static/chunks/c735c10bc8e39c87.js:0
[   42991ms] [LOG] [AuthPage] authDict keys: [claim_headline, claim_subtitle, claim_cta_btn, quick_login_label, google_btn, facebook_btn, or_with_email, continue_btn, page_title, meta_description, hero_title_client, hero_subtitle_client, hero_title_provider, back_btn, register_subtitle, forgot_password_link, login_btn, forgot_title, forgot_subtitle, forgot_send_btn, password_placeholder_register, password_placeholder_login, forgot_sent_btn, forgot_check_email, checking_btn, logging_in_btn, registering_btn, sending_btn, error_wrong_password, error_generic, error_rate_limit, error_account_disabled, error_email_exists, register_success, coming_soon, oauth_terms_title, oauth_terms_subtitle, oauth_continue_google, oauth_error_generic, terms_link, oauth_error, dismiss_button, terms_accept_prefix, terms_provider_link, terms_and, privacy_link, modal_title_terms, modal_title_terms_provider, modal_title_privacy, select_role_title, select_role_subtitle, select_role_client_title, select_role_client_subtitle, select_role_provider_title, select_role_provider_subtitle] @ https://www.nevumo.com/_next/static/chunks/c735c10bc8e39c87.js:0
[   42991ms] [LOG] [AuthPage] authDict sample: {claim_headline: Claim your profile on Nevumo, claim_subtitle: Register for free and manage your clients, claim_cta_btn: Claim profile, quick_login_label: Quick login without password, google_btn: Sign in with Google} @ https://www.nevumo.com/_next/static/chunks/c735c10bc8e39c87.js:0
[   43000ms] [LOG] [AuthPage] authDict keys: [claim_headline, claim_subtitle, claim_cta_btn, quick_login_label, google_btn, facebook_btn, or_with_email, continue_btn, page_title, meta_description, hero_title_client, hero_subtitle_client, hero_title_provider, back_btn, register_subtitle, forgot_password_link, login_btn, forgot_title, forgot_subtitle, forgot_send_btn, password_placeholder_register, password_placeholder_login, forgot_sent_btn, forgot_check_email, checking_btn, logging_in_btn, registering_btn, sending_btn, error_wrong_password, error_generic, error_rate_limit, error_account_disabled, error_email_exists, register_success, coming_soon, oauth_terms_title, oauth_terms_subtitle, oauth_continue_google, oauth_error_generic, terms_link, oauth_error, dismiss_button, terms_accept_prefix, terms_provider_link, terms_and, privacy_link, modal_title_terms, modal_title_terms_provider, modal_title_privacy, select_role_title, select_role_subtitle, select_role_client_title, select_role_client_subtitle, select_role_provider_title, select_role_provider_subtitle] @ https://www.nevumo.com/_next/static/chunks/c735c10bc8e39c87.js:0
[   43001ms] [LOG] [AuthPage] authDict sample: {claim_headline: Claim your profile on Nevumo, claim_subtitle: Register for free and manage your clients, claim_cta_btn: Claim profile, quick_login_label: Quick login without password, google_btn: Sign in with Google} @ https://www.nevumo.com/_next/static/chunks/c735c10bc8e39c87.js:0
[   62106ms] [LOG] [AuthPage] authDict keys: [claim_headline, claim_subtitle, claim_cta_btn, quick_login_label, google_btn, facebook_btn, or_with_email, continue_btn, page_title, meta_description, hero_title_client, hero_subtitle_client, hero_title_provider, back_btn, register_subtitle, forgot_password_link, login_btn, forgot_title, forgot_subtitle, forgot_send_btn, password_placeholder_register, password_placeholder_login, forgot_sent_btn, forgot_check_email, checking_btn, logging_in_btn, registering_btn, sending_btn, error_wrong_password, error_generic, error_rate_limit, error_account_disabled, error_email_exists, register_success, coming_soon, oauth_terms_title, oauth_terms_subtitle, oauth_continue_google, oauth_error_generic, terms_link, oauth_error, dismiss_button, terms_accept_prefix, terms_provider_link, terms_and, privacy_link, modal_title_terms, modal_title_terms_provider, modal_title_privacy, select_role_title, select_role_subtitle, select_role_client_title, select_role_client_subtitle, select_role_provider_title, select_role_provider_subtitle] @ https://www.nevumo.com/_next/static/chunks/c735c10bc8e39c87.js:0
[   62106ms] [LOG] [AuthPage] authDict sample: {claim_headline: Claim your profile on Nevumo, claim_subtitle: Register for free and manage your clients, claim_cta_btn: Claim profile, quick_login_label: Quick login without password, google_btn: Sign in with Google} @ https://www.nevumo.com/_next/static/chunks/c735c10bc8e39c87.js:0
[   62119ms] [LOG] [AuthPage] authDict keys: [claim_headline, claim_subtitle, claim_cta_btn, quick_login_label, google_btn, facebook_btn, or_with_email, continue_btn, page_title, meta_description, hero_title_client, hero_subtitle_client, hero_title_provider, back_btn, register_subtitle, forgot_password_link, login_btn, forgot_title, forgot_subtitle, forgot_send_btn, password_placeholder_register, password_placeholder_login, forgot_sent_btn, forgot_check_email, checking_btn, logging_in_btn, registering_btn, sending_btn, error_wrong_password, error_generic, error_rate_limit, error_account_disabled, error_email_exists, register_success, coming_soon, oauth_terms_title, oauth_terms_subtitle, oauth_continue_google, oauth_error_generic, terms_link, oauth_error, dismiss_button, terms_accept_prefix, terms_provider_link, terms_and, privacy_link, modal_title_terms, modal_title_terms_provider, modal_title_privacy, select_role_title, select_role_subtitle, select_role_client_title, select_role_client_subtitle, select_role_provider_title, select_role_provider_subtitle] @ https://www.nevumo.com/_next/static/chunks/c735c10bc8e39c87.js:0
[   62119ms] [LOG] [AuthPage] authDict sample: {claim_headline: Claim your profile on Nevumo, claim_subtitle: Register for free and manage your clients, claim_cta_btn: Claim profile, quick_login_label: Quick login without password, google_btn: Sign in with Google} @ https://www.nevumo.com/_next/static/chunks/c735c10bc8e39c87.js:0
