[    2053ms] [INFO] %cDownload the React DevTools for a better development experience: https://react.dev/link/react-devtools font-weight:bold @ http://localhost:3000/_next/static/chunks/node_modules_next_dist_f3530cac._.js:2297
[    2334ms] [LOG] [HMR] connected @ http://localhost:3000/_next/static/chunks/node_modules_next_dist_f3530cac._.js:2297
[    2685ms] [LOG] [use-translation] Final translation source: privacy_policy_link value: Privacy Policy from dict: false @ http://localhost:3000/_next/static/chunks/node_modules_next_dist_f3530cac._.js:2297
[    2686ms] [LOG] [use-translation] Final translation source: cookies_link value: Cookie Policy from dict: false @ http://localhost:3000/_next/static/chunks/node_modules_next_dist_f3530cac._.js:2297
[    2686ms] [LOG] [use-translation] Final translation source: terms_link value: Terms & Conditions from dict: false @ http://localhost:3000/_next/static/chunks/node_modules_next_dist_f3530cac._.js:2297
[    2686ms] [LOG] [use-translation] Final translation source: provider_terms_link value: Terms for Providers from dict: false @ http://localhost:3000/_next/static/chunks/node_modules_next_dist_f3530cac._.js:2297
[    2687ms] [LOG] [use-translation] Final translation source: withdrawal_link value: Withdrawal Form from dict: false @ http://localhost:3000/_next/static/chunks/node_modules_next_dist_f3530cac._.js:2297
[    2687ms] [LOG] [use-translation] Final translation source: contact_dsa_link value: DSA Contact Point from dict: false @ http://localhost:3000/_next/static/chunks/node_modules_next_dist_f3530cac._.js:2297
[    2688ms] [LOG] [use-translation] Final translation source: privacy_policy_link value: Privacy Policy from dict: false @ http://localhost:3000/_next/static/chunks/node_modules_next_dist_f3530cac._.js:2297
[    2688ms] [LOG] [use-translation] Final translation source: cookies_link value: Cookie Policy from dict: false @ http://localhost:3000/_next/static/chunks/node_modules_next_dist_f3530cac._.js:2297
[    2688ms] [LOG] [use-translation] Final translation source: terms_link value: Terms & Conditions from dict: false @ http://localhost:3000/_next/static/chunks/node_modules_next_dist_f3530cac._.js:2297
[    2689ms] [LOG] [use-translation] Final translation source: provider_terms_link value: Terms for Providers from dict: false @ http://localhost:3000/_next/static/chunks/node_modules_next_dist_f3530cac._.js:2297
[    2689ms] [LOG] [use-translation] Final translation source: withdrawal_link value: Withdrawal Form from dict: false @ http://localhost:3000/_next/static/chunks/node_modules_next_dist_f3530cac._.js:2297
[    2690ms] [LOG] [use-translation] Final translation source: contact_dsa_link value: DSA Contact Point from dict: false @ http://localhost:3000/_next/static/chunks/node_modules_next_dist_f3530cac._.js:2297
[    2694ms] [LOG] [use-translation] Final translation source: cookie_settings_link value: Cookie Settings from dict: false @ http://localhost:3000/_next/static/chunks/node_modules_next_dist_f3530cac._.js:2297
[    2695ms] [LOG] [use-translation] Final translation source: cookie_settings_link value: Cookie Settings from dict: false @ http://localhost:3000/_next/static/chunks/node_modules_next_dist_f3530cac._.js:2297
[    2765ms] [LOG] [use-translation] Final translation source: cookie_title value: We value your privacy from dict: false @ http://localhost:3000/_next/static/chunks/node_modules_next_dist_f3530cac._.js:2297
[    2765ms] [LOG] [use-translation] Final translation source: cookie_description value: We use cookies and similar technologies to improve your experience. from dict: false @ http://localhost:3000/_next/static/chunks/node_modules_next_dist_f3530cac._.js:2297
[    2766ms] [LOG] [use-translation] Final translation source: cookie_privacy_link value: Privacy Policy from dict: false @ http://localhost:3000/_next/static/chunks/node_modules_next_dist_f3530cac._.js:2297
[    2766ms] [LOG] [use-translation] Final translation source: customize value: Customize from dict: false @ http://localhost:3000/_next/static/chunks/node_modules_next_dist_f3530cac._.js:2297
[    2767ms] [LOG] [use-translation] Final translation source: reject_all value: Reject All from dict: false @ http://localhost:3000/_next/static/chunks/node_modules_next_dist_f3530cac._.js:2297
[    2767ms] [LOG] [use-translation] Final translation source: accept_all value: Accept All from dict: false @ http://localhost:3000/_next/static/chunks/node_modules_next_dist_f3530cac._.js:2297
[    2767ms] [LOG] [use-translation] Final translation source: cookie_title value: We value your privacy from dict: false @ http://localhost:3000/_next/static/chunks/node_modules_next_dist_f3530cac._.js:2297
[    2768ms] [LOG] [use-translation] Final translation source: cookie_description value: We use cookies and similar technologies to improve your experience. from dict: false @ http://localhost:3000/_next/static/chunks/node_modules_next_dist_f3530cac._.js:2297
[    2768ms] [LOG] [use-translation] Final translation source: cookie_privacy_link value: Privacy Policy from dict: false @ http://localhost:3000/_next/static/chunks/node_modules_next_dist_f3530cac._.js:2297
[    2768ms] [LOG] [use-translation] Final translation source: customize value: Customize from dict: false @ http://localhost:3000/_next/static/chunks/node_modules_next_dist_f3530cac._.js:2297
[    2769ms] [LOG] [use-translation] Final translation source: reject_all value: Reject All from dict: false @ http://localhost:3000/_next/static/chunks/node_modules_next_dist_f3530cac._.js:2297
[    2769ms] [LOG] [use-translation] Final translation source: accept_all value: Accept All from dict: false @ http://localhost:3000/_next/static/chunks/node_modules_next_dist_f3530cac._.js:2297
[    2948ms] [WARNING] Image with src "http://localhost:3000/Nevumo_logo.svg" has either width or height modified, but not the other. If you use CSS to change the size of your image, also include the styles 'width: "auto"' or 'height: "auto"' to maintain the aspect ratio. @ http://localhost:3000/_next/static/chunks/node_modules_next_dist_f3530cac._.js:2297
[    2969ms] [LOG] [use-translation] Final translation source: privacy_policy_link value: Политика за поверителност from dict: true @ http://localhost:3000/_next/static/chunks/node_modules_next_dist_f3530cac._.js:2297
[    2969ms] [LOG] [use-translation] Final translation source: cookies_link value: Политика за бисквитки from dict: true @ http://localhost:3000/_next/static/chunks/node_modules_next_dist_f3530cac._.js:2297
[    2970ms] [LOG] [use-translation] Final translation source: terms_link value: Общи условия from dict: true @ http://localhost:3000/_next/static/chunks/node_modules_next_dist_f3530cac._.js:2297
[    2970ms] [LOG] [use-translation] Final translation source: provider_terms_link value: Условия за доставчици from dict: true @ http://localhost:3000/_next/static/chunks/node_modules_next_dist_f3530cac._.js:2297
[    2971ms] [LOG] [use-translation] Final translation source: withdrawal_link value: Формуляр за отказ from dict: true @ http://localhost:3000/_next/static/chunks/node_modules_next_dist_f3530cac._.js:2297
[    2971ms] [LOG] [use-translation] Final translation source: contact_dsa_link value: Точка за контакт по DSA from dict: true @ http://localhost:3000/_next/static/chunks/node_modules_next_dist_f3530cac._.js:2297
[    2973ms] [LOG] [use-translation] Final translation source: privacy_policy_link value: Политика за поверителност from dict: true @ http://localhost:3000/_next/static/chunks/node_modules_next_dist_f3530cac._.js:2297
[    2974ms] [LOG] [use-translation] Final translation source: cookies_link value: Политика за бисквитки from dict: true @ http://localhost:3000/_next/static/chunks/node_modules_next_dist_f3530cac._.js:2297
[    2974ms] [LOG] [use-translation] Final translation source: terms_link value: Общи условия from dict: true @ http://localhost:3000/_next/static/chunks/node_modules_next_dist_f3530cac._.js:2297
[    2974ms] [LOG] [use-translation] Final translation source: provider_terms_link value: Условия за доставчици from dict: true @ http://localhost:3000/_next/static/chunks/node_modules_next_dist_f3530cac._.js:2297
[    2975ms] [LOG] [use-translation] Final translation source: withdrawal_link value: Формуляр за отказ from dict: true @ http://localhost:3000/_next/static/chunks/node_modules_next_dist_f3530cac._.js:2297
[    2975ms] [LOG] [use-translation] Final translation source: contact_dsa_link value: Точка за контакт по DSA from dict: true @ http://localhost:3000/_next/static/chunks/node_modules_next_dist_f3530cac._.js:2297
[    2978ms] [LOG] [use-translation] Final translation source: cookie_settings_link value: Настройки на бисквитките from dict: true @ http://localhost:3000/_next/static/chunks/node_modules_next_dist_f3530cac._.js:2297
[    2978ms] [LOG] [use-translation] Final translation source: cookie_settings_link value: Настройки на бисквитките from dict: true @ http://localhost:3000/_next/static/chunks/node_modules_next_dist_f3530cac._.js:2297
[    2979ms] [LOG] [use-translation] Final translation source: cookie_title value: Използваме бисквитки from dict: true @ http://localhost:3000/_next/static/chunks/node_modules_next_dist_f3530cac._.js:2297
[    2979ms] [LOG] [use-translation] Final translation source: cookie_description value: Използваме бисквитки и подобни технологии, за да подобрим вашето изживяване, да анализираме трафика и да показваме подходящо съдържание. Можете да изберете кои категории да разрешите. from dict: true @ http://localhost:3000/_next/static/chunks/node_modules_next_dist_f3530cac._.js:2297
[    2980ms] [LOG] [use-translation] Final translation source: cookie_privacy_link value: Политика за поверителност from dict: true @ http://localhost:3000/_next/static/chunks/node_modules_next_dist_f3530cac._.js:2297
[    2980ms] [LOG] [use-translation] Final translation source: customize value: Персонализиране from dict: true @ http://localhost:3000/_next/static/chunks/node_modules_next_dist_f3530cac._.js:2297
[    2980ms] [LOG] [use-translation] Final translation source: reject_all value: Отхвърли всички from dict: true @ http://localhost:3000/_next/static/chunks/node_modules_next_dist_f3530cac._.js:2297
[    2981ms] [LOG] [use-translation] Final translation source: accept_all value: Приеми всички from dict: true @ http://localhost:3000/_next/static/chunks/node_modules_next_dist_f3530cac._.js:2297
[    2981ms] [LOG] [use-translation] Final translation source: cookie_title value: Използваме бисквитки from dict: true @ http://localhost:3000/_next/static/chunks/node_modules_next_dist_f3530cac._.js:2297
[    2981ms] [LOG] [use-translation] Final translation source: cookie_description value: Използваме бисквитки и подобни технологии, за да подобрим вашето изживяване, да анализираме трафика и да показваме подходящо съдържание. Можете да изберете кои категории да разрешите. from dict: true @ http://localhost:3000/_next/static/chunks/node_modules_next_dist_f3530cac._.js:2297
[    2982ms] [LOG] [use-translation] Final translation source: cookie_privacy_link value: Политика за поверителност from dict: true @ http://localhost:3000/_next/static/chunks/node_modules_next_dist_f3530cac._.js:2297
[    2982ms] [LOG] [use-translation] Final translation source: customize value: Персонализиране from dict: true @ http://localhost:3000/_next/static/chunks/node_modules_next_dist_f3530cac._.js:2297
[    2983ms] [LOG] [use-translation] Final translation source: reject_all value: Отхвърли всички from dict: true @ http://localhost:3000/_next/static/chunks/node_modules_next_dist_f3530cac._.js:2297
[    2983ms] [LOG] [use-translation] Final translation source: accept_all value: Приеми всички from dict: true @ http://localhost:3000/_next/static/chunks/node_modules_next_dist_f3530cac._.js:2297
[  101730ms] [LOG] [Fast Refresh] rebuilding @ http://localhost:3000/_next/static/chunks/node_modules_next_dist_f3530cac._.js:2297
[  106303ms] [LOG] [Fast Refresh] done in 4650ms @ http://localhost:3000/_next/static/chunks/node_modules_next_dist_f3530cac._.js:2297
