[     491ms] [LOG] [use-translation] Final translation source: cookie_title value: We value your privacy from dict: false @ https://www.nevumo.com/_next/static/chunks/69e85712e58e420a.js:0
[     491ms] [LOG] [use-translation] Final translation source: cookie_description value: We use cookies and similar technologies to improve your experience. from dict: false @ https://www.nevumo.com/_next/static/chunks/69e85712e58e420a.js:0
[     491ms] [LOG] [use-translation] Final translation source: cookie_privacy_link value: Privacy Policy from dict: false @ https://www.nevumo.com/_next/static/chunks/69e85712e58e420a.js:0
[     491ms] [LOG] [use-translation] Final translation source: customize value: Customize from dict: false @ https://www.nevumo.com/_next/static/chunks/69e85712e58e420a.js:0
[     491ms] [LOG] [use-translation] Final translation source: reject_all value: Reject All from dict: false @ https://www.nevumo.com/_next/static/chunks/69e85712e58e420a.js:0
[     492ms] [LOG] [use-translation] Final translation source: accept_all value: Accept All from dict: false @ https://www.nevumo.com/_next/static/chunks/69e85712e58e420a.js:0
[     641ms] [LOG] [use-translation] Final translation source: cookie_title value: We use cookies from dict: true @ https://www.nevumo.com/_next/static/chunks/69e85712e58e420a.js:0
[     642ms] [LOG] [use-translation] Final translation source: cookie_description value: We use cookies and similar technologies to improve your experience, analyse traffic and show relevant content. You can choose which categories to allow. from dict: true @ https://www.nevumo.com/_next/static/chunks/69e85712e58e420a.js:0
[     642ms] [LOG] [use-translation] Final translation source: cookie_privacy_link value: Privacy Policy from dict: true @ https://www.nevumo.com/_next/static/chunks/69e85712e58e420a.js:0
[     642ms] [LOG] [use-translation] Final translation source: customize value: Customize from dict: true @ https://www.nevumo.com/_next/static/chunks/69e85712e58e420a.js:0
[     642ms] [LOG] [use-translation] Final translation source: reject_all value: Reject All from dict: true @ https://www.nevumo.com/_next/static/chunks/69e85712e58e420a.js:0
[     642ms] [LOG] [use-translation] Final translation source: accept_all value: Accept All from dict: true @ https://www.nevumo.com/_next/static/chunks/69e85712e58e420a.js:0
[    2415ms] [LOG] [use-translation] Final translation source: cookie_title value: We value your privacy from dict: false @ https://www.nevumo.com/_next/static/chunks/69e85712e58e420a.js:0
[    2415ms] [LOG] [use-translation] Final translation source: cookie_description value: We use cookies and similar technologies to improve your experience. from dict: false @ https://www.nevumo.com/_next/static/chunks/69e85712e58e420a.js:0
[    2415ms] [LOG] [use-translation] Final translation source: cookie_privacy_link value: Privacy Policy from dict: false @ https://www.nevumo.com/_next/static/chunks/69e85712e58e420a.js:0
[    2415ms] [LOG] [use-translation] Final translation source: customize value: Customize from dict: false @ https://www.nevumo.com/_next/static/chunks/69e85712e58e420a.js:0
[    2415ms] [LOG] [use-translation] Final translation source: reject_all value: Reject All from dict: false @ https://www.nevumo.com/_next/static/chunks/69e85712e58e420a.js:0
[    2415ms] [LOG] [use-translation] Final translation source: accept_all value: Accept All from dict: false @ https://www.nevumo.com/_next/static/chunks/69e85712e58e420a.js:0
[    2458ms] [LOG] [use-translation] Final translation source: install_app value: Install the app from dict: false @ https://www.nevumo.com/_next/static/chunks/69e85712e58e420a.js:0
[    2459ms] [LOG] [use-translation] Final translation source: share_page value: Share from dict: false @ https://www.nevumo.com/_next/static/chunks/69e85712e58e420a.js:0
[    2459ms] [LOG] [use-translation] Final translation source: privacy_policy_link value: Privacy Policy from dict: false @ https://www.nevumo.com/_next/static/chunks/69e85712e58e420a.js:0
[    2459ms] [LOG] [use-translation] Final translation source: cookies_link value: Cookie Policy from dict: false @ https://www.nevumo.com/_next/static/chunks/69e85712e58e420a.js:0
[    2459ms] [LOG] [use-translation] Final translation source: terms_link value: Terms & Conditions from dict: false @ https://www.nevumo.com/_next/static/chunks/69e85712e58e420a.js:0
[    2459ms] [LOG] [use-translation] Final translation source: provider_terms_link value: Terms for Providers from dict: false @ https://www.nevumo.com/_next/static/chunks/69e85712e58e420a.js:0
[    2459ms] [LOG] [use-translation] Final translation source: withdrawal_link value: Withdrawal Form from dict: false @ https://www.nevumo.com/_next/static/chunks/69e85712e58e420a.js:0
[    2459ms] [LOG] [use-translation] Final translation source: contact_dsa_link value: DSA Contact Point from dict: false @ https://www.nevumo.com/_next/static/chunks/69e85712e58e420a.js:0
[    2461ms] [LOG] [use-translation] Final translation source: cookie_settings_link value: Cookie Settings from dict: false @ https://www.nevumo.com/_next/static/chunks/69e85712e58e420a.js:0
[    2632ms] [LOG] [use-translation] Final translation source: cookie_title value: Używamy plików cookie from dict: true @ https://www.nevumo.com/_next/static/chunks/69e85712e58e420a.js:0
[    2632ms] [LOG] [use-translation] Final translation source: cookie_description value: Używamy plików cookie i podobnych technologii, aby ulepszać Państwa doświadczenia, analizować ruch oraz wyświetlać odpowiednie treści. Mogą Państwo wybrać, które kategorie zezwolić. from dict: true @ https://www.nevumo.com/_next/static/chunks/69e85712e58e420a.js:0
[    2632ms] [LOG] [use-translation] Final translation source: cookie_privacy_link value: Polityka prywatności from dict: true @ https://www.nevumo.com/_next/static/chunks/69e85712e58e420a.js:0
[    2632ms] [LOG] [use-translation] Final translation source: customize value: Dostosuj from dict: true @ https://www.nevumo.com/_next/static/chunks/69e85712e58e420a.js:0
[    2632ms] [LOG] [use-translation] Final translation source: reject_all value: Odrzuć wszystkie from dict: true @ https://www.nevumo.com/_next/static/chunks/69e85712e58e420a.js:0
[    2633ms] [LOG] [use-translation] Final translation source: accept_all value: Akceptuj wszystkie from dict: true @ https://www.nevumo.com/_next/static/chunks/69e85712e58e420a.js:0
[    2657ms] [LOG] [use-translation] Final translation source: install_app value: Install the app from dict: false @ https://www.nevumo.com/_next/static/chunks/69e85712e58e420a.js:0
[    2657ms] [LOG] [use-translation] Final translation source: share_page value: Share from dict: false @ https://www.nevumo.com/_next/static/chunks/69e85712e58e420a.js:0
[    2657ms] [LOG] [use-translation] Final translation source: privacy_policy_link value: Privacy Policy from dict: false @ https://www.nevumo.com/_next/static/chunks/69e85712e58e420a.js:0
[    2658ms] [LOG] [use-translation] Final translation source: cookies_link value: Cookie Policy from dict: false @ https://www.nevumo.com/_next/static/chunks/69e85712e58e420a.js:0
[    2658ms] [LOG] [use-translation] Final translation source: terms_link value: Terms & Conditions from dict: false @ https://www.nevumo.com/_next/static/chunks/69e85712e58e420a.js:0
[    2658ms] [LOG] [use-translation] Final translation source: provider_terms_link value: Terms for Providers from dict: false @ https://www.nevumo.com/_next/static/chunks/69e85712e58e420a.js:0
[    2658ms] [LOG] [use-translation] Final translation source: withdrawal_link value: Withdrawal Form from dict: false @ https://www.nevumo.com/_next/static/chunks/69e85712e58e420a.js:0
[    2658ms] [LOG] [use-translation] Final translation source: contact_dsa_link value: DSA Contact Point from dict: false @ https://www.nevumo.com/_next/static/chunks/69e85712e58e420a.js:0
[    2658ms] [LOG] [use-translation] Final translation source: cookie_settings_link value: Cookie Settings from dict: false @ https://www.nevumo.com/_next/static/chunks/69e85712e58e420a.js:0
[    2660ms] [LOG] [use-translation] Final translation source: install_app value: Zainstaluj aplikację from dict: true @ https://www.nevumo.com/_next/static/chunks/69e85712e58e420a.js:0
[    2661ms] [LOG] [use-translation] Final translation source: share_page value: Udostępnij from dict: true @ https://www.nevumo.com/_next/static/chunks/69e85712e58e420a.js:0
[    2661ms] [LOG] [use-translation] Final translation source: privacy_policy_link value: Polityka prywatności from dict: true @ https://www.nevumo.com/_next/static/chunks/69e85712e58e420a.js:0
[    2661ms] [LOG] [use-translation] Final translation source: cookies_link value: Polityka cookies from dict: true @ https://www.nevumo.com/_next/static/chunks/69e85712e58e420a.js:0
[    2661ms] [LOG] [use-translation] Final translation source: terms_link value: Regulamin from dict: true @ https://www.nevumo.com/_next/static/chunks/69e85712e58e420a.js:0
[    2661ms] [LOG] [use-translation] Final translation source: provider_terms_link value: Regulamin dla usługodawców from dict: true @ https://www.nevumo.com/_next/static/chunks/69e85712e58e420a.js:0
[    2661ms] [LOG] [use-translation] Final translation source: withdrawal_link value: Formularz odstąpienia from dict: true @ https://www.nevumo.com/_next/static/chunks/69e85712e58e420a.js:0
[    2661ms] [LOG] [use-translation] Final translation source: contact_dsa_link value: Punkt kontaktowy DSA from dict: true @ https://www.nevumo.com/_next/static/chunks/69e85712e58e420a.js:0
[    2661ms] [LOG] [use-translation] Final translation source: cookie_settings_link value: Cookie Settings from dict: false @ https://www.nevumo.com/_next/static/chunks/69e85712e58e420a.js:0
[    2668ms] [LOG] [use-translation] Final translation source: install_app value: Zainstaluj aplikację from dict: true @ https://www.nevumo.com/_next/static/chunks/69e85712e58e420a.js:0
[    2668ms] [LOG] [use-translation] Final translation source: share_page value: Udostępnij from dict: true @ https://www.nevumo.com/_next/static/chunks/69e85712e58e420a.js:0
[    2669ms] [LOG] [use-translation] Final translation source: privacy_policy_link value: Polityka prywatności from dict: true @ https://www.nevumo.com/_next/static/chunks/69e85712e58e420a.js:0
[    2669ms] [LOG] [use-translation] Final translation source: cookies_link value: Polityka cookies from dict: true @ https://www.nevumo.com/_next/static/chunks/69e85712e58e420a.js:0
[    2669ms] [LOG] [use-translation] Final translation source: terms_link value: Regulamin from dict: true @ https://www.nevumo.com/_next/static/chunks/69e85712e58e420a.js:0
[    2669ms] [LOG] [use-translation] Final translation source: provider_terms_link value: Regulamin dla usługodawców from dict: true @ https://www.nevumo.com/_next/static/chunks/69e85712e58e420a.js:0
[    2669ms] [LOG] [use-translation] Final translation source: withdrawal_link value: Formularz odstąpienia from dict: true @ https://www.nevumo.com/_next/static/chunks/69e85712e58e420a.js:0
[    2669ms] [LOG] [use-translation] Final translation source: contact_dsa_link value: Punkt kontaktowy DSA from dict: true @ https://www.nevumo.com/_next/static/chunks/69e85712e58e420a.js:0
[    2669ms] [LOG] [use-translation] Final translation source: cookie_settings_link value: Cookie Settings from dict: false @ https://www.nevumo.com/_next/static/chunks/69e85712e58e420a.js:0
[    2690ms] [LOG] [use-translation] Final translation source: install_app value: Zainstaluj aplikację from dict: true @ https://www.nevumo.com/_next/static/chunks/69e85712e58e420a.js:0
[    2691ms] [LOG] [use-translation] Final translation source: share_page value: Udostępnij from dict: true @ https://www.nevumo.com/_next/static/chunks/69e85712e58e420a.js:0
[    2691ms] [LOG] [use-translation] Final translation source: privacy_policy_link value: Polityka prywatności from dict: true @ https://www.nevumo.com/_next/static/chunks/69e85712e58e420a.js:0
[    2691ms] [LOG] [use-translation] Final translation source: cookies_link value: Polityka cookies from dict: true @ https://www.nevumo.com/_next/static/chunks/69e85712e58e420a.js:0
[    2691ms] [LOG] [use-translation] Final translation source: terms_link value: Regulamin from dict: true @ https://www.nevumo.com/_next/static/chunks/69e85712e58e420a.js:0
[    2691ms] [LOG] [use-translation] Final translation source: provider_terms_link value: Regulamin dla usługodawców from dict: true @ https://www.nevumo.com/_next/static/chunks/69e85712e58e420a.js:0
[    2691ms] [LOG] [use-translation] Final translation source: withdrawal_link value: Formularz odstąpienia from dict: true @ https://www.nevumo.com/_next/static/chunks/69e85712e58e420a.js:0
[    2691ms] [LOG] [use-translation] Final translation source: contact_dsa_link value: Punkt kontaktowy DSA from dict: true @ https://www.nevumo.com/_next/static/chunks/69e85712e58e420a.js:0
[    2691ms] [LOG] [use-translation] Final translation source: cookie_settings_link value: Cookie Settings from dict: false @ https://www.nevumo.com/_next/static/chunks/69e85712e58e420a.js:0
[    2696ms] [LOG] [use-translation] Final translation source: install_app value: Zainstaluj aplikację from dict: true @ https://www.nevumo.com/_next/static/chunks/69e85712e58e420a.js:0
[    2696ms] [LOG] [use-translation] Final translation source: share_page value: Udostępnij from dict: true @ https://www.nevumo.com/_next/static/chunks/69e85712e58e420a.js:0
[    2696ms] [LOG] [use-translation] Final translation source: privacy_policy_link value: Polityka prywatności from dict: true @ https://www.nevumo.com/_next/static/chunks/69e85712e58e420a.js:0
[    2696ms] [LOG] [use-translation] Final translation source: cookies_link value: Polityka cookies from dict: true @ https://www.nevumo.com/_next/static/chunks/69e85712e58e420a.js:0
[    2696ms] [LOG] [use-translation] Final translation source: terms_link value: Regulamin from dict: true @ https://www.nevumo.com/_next/static/chunks/69e85712e58e420a.js:0
[    2696ms] [LOG] [use-translation] Final translation source: provider_terms_link value: Regulamin dla usługodawców from dict: true @ https://www.nevumo.com/_next/static/chunks/69e85712e58e420a.js:0
[    2696ms] [LOG] [use-translation] Final translation source: withdrawal_link value: Formularz odstąpienia from dict: true @ https://www.nevumo.com/_next/static/chunks/69e85712e58e420a.js:0
[    2697ms] [LOG] [use-translation] Final translation source: contact_dsa_link value: Punkt kontaktowy DSA from dict: true @ https://www.nevumo.com/_next/static/chunks/69e85712e58e420a.js:0
[    2697ms] [LOG] [use-translation] Final translation source: cookie_settings_link value: Cookie Settings from dict: false @ https://www.nevumo.com/_next/static/chunks/69e85712e58e420a.js:0
[    2700ms] [LOG] [use-translation] Final translation source: install_app value: Zainstaluj aplikację from dict: true @ https://www.nevumo.com/_next/static/chunks/69e85712e58e420a.js:0
[    2700ms] [LOG] [use-translation] Final translation source: share_page value: Udostępnij from dict: true @ https://www.nevumo.com/_next/static/chunks/69e85712e58e420a.js:0
[    2700ms] [LOG] [use-translation] Final translation source: privacy_policy_link value: Polityka prywatności from dict: true @ https://www.nevumo.com/_next/static/chunks/69e85712e58e420a.js:0
[    2701ms] [LOG] [use-translation] Final translation source: cookies_link value: Polityka cookies from dict: true @ https://www.nevumo.com/_next/static/chunks/69e85712e58e420a.js:0
[    2701ms] [LOG] [use-translation] Final translation source: terms_link value: Regulamin from dict: true @ https://www.nevumo.com/_next/static/chunks/69e85712e58e420a.js:0
[    2701ms] [LOG] [use-translation] Final translation source: provider_terms_link value: Regulamin dla usługodawców from dict: true @ https://www.nevumo.com/_next/static/chunks/69e85712e58e420a.js:0
[    2701ms] [LOG] [use-translation] Final translation source: withdrawal_link value: Formularz odstąpienia from dict: true @ https://www.nevumo.com/_next/static/chunks/69e85712e58e420a.js:0
[    2701ms] [LOG] [use-translation] Final translation source: contact_dsa_link value: Punkt kontaktowy DSA from dict: true @ https://www.nevumo.com/_next/static/chunks/69e85712e58e420a.js:0
[    2701ms] [LOG] [use-translation] Final translation source: cookie_settings_link value: Cookie Settings from dict: false @ https://www.nevumo.com/_next/static/chunks/69e85712e58e420a.js:0
[    2707ms] [LOG] [use-translation] Final translation source: install_app value: Zainstaluj aplikację from dict: true @ https://www.nevumo.com/_next/static/chunks/69e85712e58e420a.js:0
[    2707ms] [LOG] [use-translation] Final translation source: share_page value: Udostępnij from dict: true @ https://www.nevumo.com/_next/static/chunks/69e85712e58e420a.js:0
[    2707ms] [LOG] [use-translation] Final translation source: privacy_policy_link value: Polityka prywatności from dict: true @ https://www.nevumo.com/_next/static/chunks/69e85712e58e420a.js:0
[    2707ms] [LOG] [use-translation] Final translation source: cookies_link value: Polityka cookies from dict: true @ https://www.nevumo.com/_next/static/chunks/69e85712e58e420a.js:0
[    2707ms] [LOG] [use-translation] Final translation source: terms_link value: Regulamin from dict: true @ https://www.nevumo.com/_next/static/chunks/69e85712e58e420a.js:0
[    2707ms] [LOG] [use-translation] Final translation source: provider_terms_link value: Regulamin dla usługodawców from dict: true @ https://www.nevumo.com/_next/static/chunks/69e85712e58e420a.js:0
[    2707ms] [LOG] [use-translation] Final translation source: withdrawal_link value: Formularz odstąpienia from dict: true @ https://www.nevumo.com/_next/static/chunks/69e85712e58e420a.js:0
[    2707ms] [LOG] [use-translation] Final translation source: contact_dsa_link value: Punkt kontaktowy DSA from dict: true @ https://www.nevumo.com/_next/static/chunks/69e85712e58e420a.js:0
[    2708ms] [LOG] [use-translation] Final translation source: cookie_settings_link value: Cookie Settings from dict: false @ https://www.nevumo.com/_next/static/chunks/69e85712e58e420a.js:0
[    2731ms] [LOG] [use-translation] Final translation source: install_app value: Zainstaluj aplikację from dict: true @ https://www.nevumo.com/_next/static/chunks/69e85712e58e420a.js:0
[    2732ms] [LOG] [use-translation] Final translation source: share_page value: Udostępnij from dict: true @ https://www.nevumo.com/_next/static/chunks/69e85712e58e420a.js:0
[    2732ms] [LOG] [use-translation] Final translation source: privacy_policy_link value: Polityka prywatności from dict: true @ https://www.nevumo.com/_next/static/chunks/69e85712e58e420a.js:0
[    2732ms] [LOG] [use-translation] Final translation source: cookies_link value: Polityka cookies from dict: true @ https://www.nevumo.com/_next/static/chunks/69e85712e58e420a.js:0
[    2732ms] [LOG] [use-translation] Final translation source: terms_link value: Regulamin from dict: true @ https://www.nevumo.com/_next/static/chunks/69e85712e58e420a.js:0
[    2732ms] [LOG] [use-translation] Final translation source: provider_terms_link value: Regulamin dla usługodawców from dict: true @ https://www.nevumo.com/_next/static/chunks/69e85712e58e420a.js:0
[    2732ms] [LOG] [use-translation] Final translation source: withdrawal_link value: Formularz odstąpienia from dict: true @ https://www.nevumo.com/_next/static/chunks/69e85712e58e420a.js:0
[    2732ms] [LOG] [use-translation] Final translation source: contact_dsa_link value: Punkt kontaktowy DSA from dict: true @ https://www.nevumo.com/_next/static/chunks/69e85712e58e420a.js:0
[    2732ms] [LOG] [use-translation] Final translation source: cookie_settings_link value: Cookie Settings from dict: false @ https://www.nevumo.com/_next/static/chunks/69e85712e58e420a.js:0
[    2735ms] [LOG] [use-translation] Final translation source: cookie_settings_link value: Ustawienia plików cookie from dict: true @ https://www.nevumo.com/_next/static/chunks/69e85712e58e420a.js:0
[    2737ms] [INFO] Banner not shown: beforeinstallpromptevent.preventDefault() called. The page must call beforeinstallpromptevent.prompt() to show the banner. @ https://www.nevumo.com/pl/warszawa:0
[    2779ms] [LOG] [use-translation] Final translation source: install_app value: Zainstaluj aplikację from dict: true @ https://www.nevumo.com/_next/static/chunks/69e85712e58e420a.js:0
[    2780ms] [LOG] [use-translation] Final translation source: share_page value: Udostępnij from dict: true @ https://www.nevumo.com/_next/static/chunks/69e85712e58e420a.js:0
[    2780ms] [LOG] [use-translation] Final translation source: privacy_policy_link value: Polityka prywatności from dict: true @ https://www.nevumo.com/_next/static/chunks/69e85712e58e420a.js:0
[    2780ms] [LOG] [use-translation] Final translation source: cookies_link value: Polityka cookies from dict: true @ https://www.nevumo.com/_next/static/chunks/69e85712e58e420a.js:0
[    2780ms] [LOG] [use-translation] Final translation source: terms_link value: Regulamin from dict: true @ https://www.nevumo.com/_next/static/chunks/69e85712e58e420a.js:0
[    2780ms] [LOG] [use-translation] Final translation source: provider_terms_link value: Regulamin dla usługodawców from dict: true @ https://www.nevumo.com/_next/static/chunks/69e85712e58e420a.js:0
[    2780ms] [LOG] [use-translation] Final translation source: withdrawal_link value: Formularz odstąpienia from dict: true @ https://www.nevumo.com/_next/static/chunks/69e85712e58e420a.js:0
[    2781ms] [LOG] [use-translation] Final translation source: contact_dsa_link value: Punkt kontaktowy DSA from dict: true @ https://www.nevumo.com/_next/static/chunks/69e85712e58e420a.js:0
[    2781ms] [LOG] [use-translation] Final translation source: cookie_settings_link value: Ustawienia plików cookie from dict: true @ https://www.nevumo.com/_next/static/chunks/69e85712e58e420a.js:0
